[ 2017-03-14T23:26:27+08:00 ] ::1 /bishe/
INFO: [ app_init ] --START--
INFO: Run Behavior\BuildLiteBehavior [ RunTime:0.000038s ]
INFO: [ app_init ] --END-- [ RunTime:0.057634s ]
INFO: [ app_begin ] --START--
INFO: Run Behavior\ReadHtmlCacheBehavior [ RunTime:0.035843s ]
INFO: [ app_begin ] --END-- [ RunTime:0.036043s ]
SQL: SHOW COLUMNS FROM `homepopular` [ RunTime:0.1284s ]
SQL: SELECT * FROM `homepopular` ORDER BY star LIMIT 3   [ RunTime:0.0082s ]
SQL: SELECT * FROM `homepopular` LIMIT 4   [ RunTime:0.0005s ]
INFO: [ view_parse ] --START--
INFO: [ template_filter ] --START--
INFO: Run Behavior\ContentReplaceBehavior [ RunTime:0.000234s ]
INFO: [ template_filter ] --END-- [ RunTime:0.000812s ]
NOTIC: [8] Use of undefined constant id - assumed 'id' D:\Program Files\wamp\www\bishe\Application\Runtime\Cache\Home\2a94b8bda04ff446dcedd42276fc99ee.php 第 252 行.
NOTIC: [8] Use of undefined constant id - assumed 'id' D:\Program Files\wamp\www\bishe\Application\Runtime\Cache\Home\2a94b8bda04ff446dcedd42276fc99ee.php 第 252 行.
NOTIC: [8] Use of undefined constant id - assumed 'id' D:\Program Files\wamp\www\bishe\Application\Runtime\Cache\Home\2a94b8bda04ff446dcedd42276fc99ee.php 第 257 行.
NOTIC: [8] Use of undefined constant id - assumed 'id' D:\Program Files\wamp\www\bishe\Application\Runtime\Cache\Home\2a94b8bda04ff446dcedd42276fc99ee.php 第 257 行.
NOTIC: [8] Use of undefined constant id - assumed 'id' D:\Program Files\wamp\www\bishe\Application\Runtime\Cache\Home\2a94b8bda04ff446dcedd42276fc99ee.php 第 252 行.
NOTIC: [8] Use of undefined constant id - assumed 'id' D:\Program Files\wamp\www\bishe\Application\Runtime\Cache\Home\2a94b8bda04ff446dcedd42276fc99ee.php 第 252 行.
NOTIC: [8] Use of undefined constant id - assumed 'id' D:\Program Files\wamp\www\bishe\Application\Runtime\Cache\Home\2a94b8bda04ff446dcedd42276fc99ee.php 第 257 行.
NOTIC: [8] Use of undefined constant id - assumed 'id' D:\Program Files\wamp\www\bishe\Application\Runtime\Cache\Home\2a94b8bda04ff446dcedd42276fc99ee.php 第 257 行.
NOTIC: [8] Use of undefined constant id - assumed 'id' D:\Program Files\wamp\www\bishe\Application\Runtime\Cache\Home\2a94b8bda04ff446dcedd42276fc99ee.php 第 252 行.
NOTIC: [8] Use of undefined constant id - assumed 'id' D:\Program Files\wamp\www\bishe\Application\Runtime\Cache\Home\2a94b8bda04ff446dcedd42276fc99ee.php 第 252 行.
NOTIC: [8] Use of undefined constant id - assumed 'id' D:\Program Files\wamp\www\bishe\Application\Runtime\Cache\Home\2a94b8bda04ff446dcedd42276fc99ee.php 第 257 行.
NOTIC: [8] Use of undefined constant id - assumed 'id' D:\Program Files\wamp\www\bishe\Application\Runtime\Cache\Home\2a94b8bda04ff446dcedd42276fc99ee.php 第 257 行.
NOTIC: [8] Use of undefined constant id - assumed 'id' D:\Program Files\wamp\www\bishe\Application\Runtime\Cache\Home\2a94b8bda04ff446dcedd42276fc99ee.php 第 327 行.
NOTIC: [8] Use of undefined constant id - assumed 'id' D:\Program Files\wamp\www\bishe\Application\Runtime\Cache\Home\2a94b8bda04ff446dcedd42276fc99ee.php 第 327 行.
NOTIC: [8] Undefined index: comment-quantity D:\Program Files\wamp\www\bishe\Application\Runtime\Cache\Home\2a94b8bda04ff446dcedd42276fc99ee.php 第 337 行.
NOTIC: [8] Use of undefined constant id - assumed 'id' D:\Program Files\wamp\www\bishe\Application\Runtime\Cache\Home\2a94b8bda04ff446dcedd42276fc99ee.php 第 343 行.
NOTIC: [8] Use of undefined constant id - assumed 'id' D:\Program Files\wamp\www\bishe\Application\Runtime\Cache\Home\2a94b8bda04ff446dcedd42276fc99ee.php 第 343 行.
NOTIC: [8] Use of undefined constant id - assumed 'id' D:\Program Files\wamp\www\bishe\Application\Runtime\Cache\Home\2a94b8bda04ff446dcedd42276fc99ee.php 第 327 行.
NOTIC: [8] Use of undefined constant id - assumed 'id' D:\Program Files\wamp\www\bishe\Application\Runtime\Cache\Home\2a94b8bda04ff446dcedd42276fc99ee.php 第 327 行.
NOTIC: [8] Undefined index: comment-quantity D:\Program Files\wamp\www\bishe\Application\Runtime\Cache\Home\2a94b8bda04ff446dcedd42276fc99ee.php 第 337 行.
NOTIC: [8] Use of undefined constant id - assumed 'id' D:\Program Files\wamp\www\bishe\Application\Runtime\Cache\Home\2a94b8bda04ff446dcedd42276fc99ee.php 第 343 行.
NOTIC: [8] Use of undefined constant id - assumed 'id' D:\Program Files\wamp\www\bishe\Application\Runtime\Cache\Home\2a94b8bda04ff446dcedd42276fc99ee.php 第 343 行.
NOTIC: [8] Use of undefined constant id - assumed 'id' D:\Program Files\wamp\www\bishe\Application\Runtime\Cache\Home\2a94b8bda04ff446dcedd42276fc99ee.php 第 327 行.
NOTIC: [8] Use of undefined constant id - assumed 'id' D:\Program Files\wamp\www\bishe\Application\Runtime\Cache\Home\2a94b8bda04ff446dcedd42276fc99ee.php 第 327 行.
NOTIC: [8] Undefined index: comment-quantity D:\Program Files\wamp\www\bishe\Application\Runtime\Cache\Home\2a94b8bda04ff446dcedd42276fc99ee.php 第 337 行.
NOTIC: [8] Use of undefined constant id - assumed 'id' D:\Program Files\wamp\www\bishe\Application\Runtime\Cache\Home\2a94b8bda04ff446dcedd42276fc99ee.php 第 343 行.
NOTIC: [8] Use of undefined constant id - assumed 'id' D:\Program Files\wamp\www\bishe\Application\Runtime\Cache\Home\2a94b8bda04ff446dcedd42276fc99ee.php 第 343 行.
NOTIC: [8] Use of undefined constant id - assumed 'id' D:\Program Files\wamp\www\bishe\Application\Runtime\Cache\Home\2a94b8bda04ff446dcedd42276fc99ee.php 第 327 行.
NOTIC: [8] Use of undefined constant id - assumed 'id' D:\Program Files\wamp\www\bishe\Application\Runtime\Cache\Home\2a94b8bda04ff446dcedd42276fc99ee.php 第 327 行.
NOTIC: [8] Undefined index: comment-quantity D:\Program Files\wamp\www\bishe\Application\Runtime\Cache\Home\2a94b8bda04ff446dcedd42276fc99ee.php 第 337 行.
NOTIC: [8] Use of undefined constant id - assumed 'id' D:\Program Files\wamp\www\bishe\Application\Runtime\Cache\Home\2a94b8bda04ff446dcedd42276fc99ee.php 第 343 行.
NOTIC: [8] Use of undefined constant id - assumed 'id' D:\Program Files\wamp\www\bishe\Application\Runtime\Cache\Home\2a94b8bda04ff446dcedd42276fc99ee.php 第 343 行.
INFO: Run Behavior\ParseTemplateBehavior [ RunTime:0.848329s ]
INFO: [ view_parse ] --END-- [ RunTime:0.848501s ]
INFO: [ view_filter ] --START--
INFO: Run Behavior\WriteHtmlCacheBehavior [ RunTime:0.030629s ]
INFO: [ view_filter ] --END-- [ RunTime:0.030832s ]
INFO: [ app_end ] --START--
INFO: Run Behavior\ShowPageTraceBehavior [ RunTime:0.025171s ]
INFO: [ app_end ] --END-- [ RunTime:0.025343s ]

[ 2017-03-14T23:31:31+08:00 ] ::1 /bishe/
INFO: [ app_init ] --START--
INFO: Run Behavior\BuildLiteBehavior [ RunTime:0.000037s ]
INFO: [ app_init ] --END-- [ RunTime:0.001197s ]
INFO: [ app_begin ] --START--
INFO: Run Behavior\ReadHtmlCacheBehavior [ RunTime:0.001942s ]
INFO: [ app_begin ] --END-- [ RunTime:0.002120s ]
SQL: SHOW COLUMNS FROM `homepopular` [ RunTime:0.0286s ]
SQL: SELECT * FROM `homepopular` ORDER BY star LIMIT 3   [ RunTime:0.0005s ]
SQL: SELECT * FROM `homepopular` LIMIT 4   [ RunTime:0.0004s ]
INFO: [ view_parse ] --START--
INFO: [ template_filter ] --START--
INFO: Run Behavior\ContentReplaceBehavior [ RunTime:0.000192s ]
INFO: [ template_filter ] --END-- [ RunTime:0.000371s ]
NOTIC: [8] Use of undefined constant id - assumed 'id' D:\Program Files\wamp\www\bishe\Application\Runtime\Cache\Home\2a94b8bda04ff446dcedd42276fc99ee.php 第 257 行.
NOTIC: [8] Use of undefined constant id - assumed 'id' D:\Program Files\wamp\www\bishe\Application\Runtime\Cache\Home\2a94b8bda04ff446dcedd42276fc99ee.php 第 257 行.
NOTIC: [8] Use of undefined constant id - assumed 'id' D:\Program Files\wamp\www\bishe\Application\Runtime\Cache\Home\2a94b8bda04ff446dcedd42276fc99ee.php 第 262 行.
NOTIC: [8] Use of undefined constant id - assumed 'id' D:\Program Files\wamp\www\bishe\Application\Runtime\Cache\Home\2a94b8bda04ff446dcedd42276fc99ee.php 第 262 行.
NOTIC: [8] Use of undefined constant id - assumed 'id' D:\Program Files\wamp\www\bishe\Application\Runtime\Cache\Home\2a94b8bda04ff446dcedd42276fc99ee.php 第 257 行.
NOTIC: [8] Use of undefined constant id - assumed 'id' D:\Program Files\wamp\www\bishe\Application\Runtime\Cache\Home\2a94b8bda04ff446dcedd42276fc99ee.php 第 257 行.
NOTIC: [8] Use of undefined constant id - assumed 'id' D:\Program Files\wamp\www\bishe\Application\Runtime\Cache\Home\2a94b8bda04ff446dcedd42276fc99ee.php 第 262 行.
NOTIC: [8] Use of undefined constant id - assumed 'id' D:\Program Files\wamp\www\bishe\Application\Runtime\Cache\Home\2a94b8bda04ff446dcedd42276fc99ee.php 第 262 行.
NOTIC: [8] Use of undefined constant id - assumed 'id' D:\Program Files\wamp\www\bishe\Application\Runtime\Cache\Home\2a94b8bda04ff446dcedd42276fc99ee.php 第 257 行.
NOTIC: [8] Use of undefined constant id - assumed 'id' D:\Program Files\wamp\www\bishe\Application\Runtime\Cache\Home\2a94b8bda04ff446dcedd42276fc99ee.php 第 257 行.
NOTIC: [8] Use of undefined constant id - assumed 'id' D:\Program Files\wamp\www\bishe\Application\Runtime\Cache\Home\2a94b8bda04ff446dcedd42276fc99ee.php 第 262 行.
NOTIC: [8] Use of undefined constant id - assumed 'id' D:\Program Files\wamp\www\bishe\Application\Runtime\Cache\Home\2a94b8bda04ff446dcedd42276fc99ee.php 第 262 行.
NOTIC: [8] Use of undefined constant id - assumed 'id' D:\Program Files\wamp\www\bishe\Application\Runtime\Cache\Home\2a94b8bda04ff446dcedd42276fc99ee.php 第 332 行.
NOTIC: [8] Use of undefined constant id - assumed 'id' D:\Program Files\wamp\www\bishe\Application\Runtime\Cache\Home\2a94b8bda04ff446dcedd42276fc99ee.php 第 332 行.
NOTIC: [8] Undefined index: comment-quantity D:\Program Files\wamp\www\bishe\Application\Runtime\Cache\Home\2a94b8bda04ff446dcedd42276fc99ee.php 第 342 行.
NOTIC: [8] Use of undefined constant id - assumed 'id' D:\Program Files\wamp\www\bishe\Application\Runtime\Cache\Home\2a94b8bda04ff446dcedd42276fc99ee.php 第 348 行.
NOTIC: [8] Use of undefined constant id - assumed 'id' D:\Program Files\wamp\www\bishe\Application\Runtime\Cache\Home\2a94b8bda04ff446dcedd42276fc99ee.php 第 348 行.
NOTIC: [8] Use of undefined constant id - assumed 'id' D:\Program Files\wamp\www\bishe\Application\Runtime\Cache\Home\2a94b8bda04ff446dcedd42276fc99ee.php 第 332 行.
NOTIC: [8] Use of undefined constant id - assumed 'id' D:\Program Files\wamp\www\bishe\Application\Runtime\Cache\Home\2a94b8bda04ff446dcedd42276fc99ee.php 第 332 行.
NOTIC: [8] Undefined index: comment-quantity D:\Program Files\wamp\www\bishe\Application\Runtime\Cache\Home\2a94b8bda04ff446dcedd42276fc99ee.php 第 342 行.
NOTIC: [8] Use of undefined constant id - assumed 'id' D:\Program Files\wamp\www\bishe\Application\Runtime\Cache\Home\2a94b8bda04ff446dcedd42276fc99ee.php 第 348 行.
NOTIC: [8] Use of undefined constant id - assumed 'id' D:\Program Files\wamp\www\bishe\Application\Runtime\Cache\Home\2a94b8bda04ff446dcedd42276fc99ee.php 第 348 行.
NOTIC: [8] Use of undefined constant id - assumed 'id' D:\Program Files\wamp\www\bishe\Application\Runtime\Cache\Home\2a94b8bda04ff446dcedd42276fc99ee.php 第 332 行.
NOTIC: [8] Use of undefined constant id - assumed 'id' D:\Program Files\wamp\www\bishe\Application\Runtime\Cache\Home\2a94b8bda04ff446dcedd42276fc99ee.php 第 332 行.
NOTIC: [8] Undefined index: comment-quantity D:\Program Files\wamp\www\bishe\Application\Runtime\Cache\Home\2a94b8bda04ff446dcedd42276fc99ee.php 第 342 行.
NOTIC: [8] Use of undefined constant id - assumed 'id' D:\Program Files\wamp\www\bishe\Application\Runtime\Cache\Home\2a94b8bda04ff446dcedd42276fc99ee.php 第 348 行.
NOTIC: [8] Use of undefined constant id - assumed 'id' D:\Program Files\wamp\www\bishe\Application\Runtime\Cache\Home\2a94b8bda04ff446dcedd42276fc99ee.php 第 348 行.
NOTIC: [8] Use of undefined constant id - assumed 'id' D:\Program Files\wamp\www\bishe\Application\Runtime\Cache\Home\2a94b8bda04ff446dcedd42276fc99ee.php 第 332 行.
NOTIC: [8] Use of undefined constant id - assumed 'id' D:\Program Files\wamp\www\bishe\Application\Runtime\Cache\Home\2a94b8bda04ff446dcedd42276fc99ee.php 第 332 行.
NOTIC: [8] Undefined index: comment-quantity D:\Program Files\wamp\www\bishe\Application\Runtime\Cache\Home\2a94b8bda04ff446dcedd42276fc99ee.php 第 342 行.
NOTIC: [8] Use of undefined constant id - assumed 'id' D:\Program Files\wamp\www\bishe\Application\Runtime\Cache\Home\2a94b8bda04ff446dcedd42276fc99ee.php 第 348 行.
NOTIC: [8] Use of undefined constant id - assumed 'id' D:\Program Files\wamp\www\bishe\Application\Runtime\Cache\Home\2a94b8bda04ff446dcedd42276fc99ee.php 第 348 行.
INFO: Run Behavior\ParseTemplateBehavior [ RunTime:0.208364s ]
INFO: [ view_parse ] --END-- [ RunTime:0.208616s ]
INFO: [ view_filter ] --START--
INFO: Run Behavior\WriteHtmlCacheBehavior [ RunTime:0.001903s ]
INFO: [ view_filter ] --END-- [ RunTime:0.002068s ]
INFO: [ app_end ] --START--
INFO: Run Behavior\ShowPageTraceBehavior [ RunTime:0.002232s ]
INFO: [ app_end ] --END-- [ RunTime:0.002397s ]

[ 2017-03-14T23:33:09+08:00 ] ::1 /bishe/Home/Index/publishing.html
INFO: [ app_init ] --START--
INFO: Run Behavior\BuildLiteBehavior [ RunTime:0.000036s ]
INFO: [ app_init ] --END-- [ RunTime:0.000853s ]
INFO: [ app_begin ] --START--
INFO: Run Behavior\ReadHtmlCacheBehavior [ RunTime:0.002099s ]
INFO: [ app_begin ] --END-- [ RunTime:0.002284s ]
INFO: [ view_parse ] --START--
INFO: [ template_filter ] --START--
INFO: Run Behavior\ContentReplaceBehavior [ RunTime:0.002590s ]
INFO: [ template_filter ] --END-- [ RunTime:0.003309s ]
INFO: Run Behavior\ParseTemplateBehavior [ RunTime:0.355402s ]
INFO: [ view_parse ] --END-- [ RunTime:0.356102s ]
INFO: [ view_filter ] --START--
INFO: Run Behavior\WriteHtmlCacheBehavior [ RunTime:0.004211s ]
INFO: [ view_filter ] --END-- [ RunTime:0.004496s ]
INFO: [ app_end ] --START--
INFO: Run Behavior\ShowPageTraceBehavior [ RunTime:0.003459s ]
INFO: [ app_end ] --END-- [ RunTime:0.003765s ]

[ 2017-03-14T23:45:01+08:00 ] ::1 /bishe/Home/Index/publishing.html
INFO: [ app_init ] --START--
INFO: Run Behavior\BuildLiteBehavior [ RunTime:0.000036s ]
INFO: [ app_init ] --END-- [ RunTime:0.001127s ]
INFO: [ app_begin ] --START--
INFO: Run Behavior\ReadHtmlCacheBehavior [ RunTime:0.002498s ]
INFO: [ app_begin ] --END-- [ RunTime:0.002675s ]
INFO: [ view_parse ] --START--
INFO: [ template_filter ] --START--
INFO: Run Behavior\ContentReplaceBehavior [ RunTime:0.000305s ]
INFO: [ template_filter ] --END-- [ RunTime:0.000499s ]
NOTIC: [8] Undefined variable: user_info D:\Program Files\wamp\www\bishe\Application\Runtime\Cache\Home\7a6db039e867b2411d37ed9304952e0b.php 第 226 行.
INFO: Run Behavior\ParseTemplateBehavior [ RunTime:0.158656s ]
INFO: [ view_parse ] --END-- [ RunTime:0.158875s ]
INFO: [ view_filter ] --START--
INFO: Run Behavior\WriteHtmlCacheBehavior [ RunTime:0.001911s ]
INFO: [ view_filter ] --END-- [ RunTime:0.002097s ]
INFO: [ app_end ] --START--
INFO: Run Behavior\ShowPageTraceBehavior [ RunTime:0.001921s ]
INFO: [ app_end ] --END-- [ RunTime:0.002076s ]

[ 2017-03-14T23:46:10+08:00 ] ::1 /bishe/Home/Index/publishing.html
INFO: [ app_init ] --START--
INFO: Run Behavior\BuildLiteBehavior [ RunTime:0.000039s ]
INFO: [ app_init ] --END-- [ RunTime:0.001150s ]
INFO: [ app_begin ] --START--
INFO: Run Behavior\ReadHtmlCacheBehavior [ RunTime:0.001913s ]
INFO: [ app_begin ] --END-- [ RunTime:0.002085s ]
INFO: [ view_parse ] --START--
INFO: [ template_filter ] --START--
INFO: Run Behavior\ContentReplaceBehavior [ RunTime:0.000171s ]
INFO: [ template_filter ] --END-- [ RunTime:0.000358s ]
NOTIC: [8] Undefined variable: user_info D:\Program Files\wamp\www\bishe\Application\Runtime\Cache\Home\7a6db039e867b2411d37ed9304952e0b.php 第 226 行.
INFO: Run Behavior\ParseTemplateBehavior [ RunTime:0.160031s ]
INFO: [ view_parse ] --END-- [ RunTime:0.160237s ]
INFO: [ view_filter ] --START--
INFO: Run Behavior\WriteHtmlCacheBehavior [ RunTime:0.001809s ]
INFO: [ view_filter ] --END-- [ RunTime:0.002008s ]
INFO: [ app_end ] --START--
INFO: Run Behavior\ShowPageTraceBehavior [ RunTime:0.002334s ]
INFO: [ app_end ] --END-- [ RunTime:0.002505s ]

[ 2017-03-14T23:46:22+08:00 ] ::1 /bishe/Home/Index/publishing.html
INFO: [ app_init ] --START--
INFO: Run Behavior\BuildLiteBehavior [ RunTime:0.000036s ]
INFO: [ app_init ] --END-- [ RunTime:0.000911s ]
INFO: [ app_begin ] --START--
INFO: Run Behavior\ReadHtmlCacheBehavior [ RunTime:0.001999s ]
INFO: [ app_begin ] --END-- [ RunTime:0.002186s ]
SQL: SHOW COLUMNS FROM `pstest` [ RunTime:0.0413s ]

[ 2017-03-14T23:46:44+08:00 ] ::1 /bishe/Home/Index/publishing.html
INFO: [ app_init ] --START--
INFO: Run Behavior\BuildLiteBehavior [ RunTime:0.000041s ]
INFO: [ app_init ] --END-- [ RunTime:0.000917s ]
INFO: [ app_begin ] --START--
INFO: Run Behavior\ReadHtmlCacheBehavior [ RunTime:0.003189s ]
INFO: [ app_begin ] --END-- [ RunTime:0.003382s ]
INFO: [ view_parse ] --START--
INFO: [ template_filter ] --START--
INFO: Run Behavior\ContentReplaceBehavior [ RunTime:0.000456s ]
INFO: [ template_filter ] --END-- [ RunTime:0.000729s ]
NOTIC: [8] Undefined variable: user_info D:\Program Files\wamp\www\bishe\Application\Runtime\Cache\Home\7a6db039e867b2411d37ed9304952e0b.php 第 226 行.
INFO: Run Behavior\ParseTemplateBehavior [ RunTime:0.160268s ]
INFO: [ view_parse ] --END-- [ RunTime:0.160487s ]
INFO: [ view_filter ] --START--
INFO: Run Behavior\WriteHtmlCacheBehavior [ RunTime:0.001782s ]
INFO: [ view_filter ] --END-- [ RunTime:0.001978s ]
INFO: [ app_end ] --START--
INFO: Run Behavior\ShowPageTraceBehavior [ RunTime:0.002214s ]
INFO: [ app_end ] --END-- [ RunTime:0.002377s ]

[ 2017-03-14T23:46:47+08:00 ] ::1 /bishe/Home/Index/publishing.html
INFO: [ app_init ] --START--
INFO: Run Behavior\BuildLiteBehavior [ RunTime:0.000039s ]
INFO: [ app_init ] --END-- [ RunTime:0.001057s ]
INFO: [ app_begin ] --START--
INFO: Run Behavior\ReadHtmlCacheBehavior [ RunTime:0.002642s ]
INFO: [ app_begin ] --END-- [ RunTime:0.002836s ]
INFO: [ view_parse ] --START--
INFO: [ template_filter ] --START--
INFO: Run Behavior\ContentReplaceBehavior [ RunTime:0.000249s ]
INFO: [ template_filter ] --END-- [ RunTime:0.000427s ]
NOTIC: [8] Undefined variable: user_info D:\Program Files\wamp\www\bishe\Application\Runtime\Cache\Home\7a6db039e867b2411d37ed9304952e0b.php 第 226 行.
INFO: Run Behavior\ParseTemplateBehavior [ RunTime:0.168495s ]
INFO: [ view_parse ] --END-- [ RunTime:0.168864s ]
INFO: [ view_filter ] --START--
INFO: Run Behavior\WriteHtmlCacheBehavior [ RunTime:0.003547s ]
INFO: [ view_filter ] --END-- [ RunTime:0.003768s ]
INFO: [ app_end ] --START--
INFO: Run Behavior\ShowPageTraceBehavior [ RunTime:0.002444s ]
INFO: [ app_end ] --END-- [ RunTime:0.002683s ]

[ 2017-03-14T23:46:49+08:00 ] ::1 /bishe/Home/Index/publishing.html
INFO: [ app_init ] --START--
INFO: Run Behavior\BuildLiteBehavior [ RunTime:0.000035s ]
INFO: [ app_init ] --END-- [ RunTime:0.001029s ]
INFO: [ app_begin ] --START--
INFO: Run Behavior\ReadHtmlCacheBehavior [ RunTime:0.001994s ]
INFO: [ app_begin ] --END-- [ RunTime:0.002175s ]
SQL: SHOW COLUMNS FROM `pstest` [ RunTime:0.0315s ]

[ 2017-03-14T23:47:24+08:00 ] ::1 /bishe/Home/Index/publishing.html
INFO: [ app_init ] --START--
INFO: Run Behavior\BuildLiteBehavior [ RunTime:0.000036s ]
INFO: [ app_init ] --END-- [ RunTime:0.000895s ]
INFO: [ app_begin ] --START--
INFO: Run Behavior\ReadHtmlCacheBehavior [ RunTime:0.001936s ]
INFO: [ app_begin ] --END-- [ RunTime:0.002111s ]
INFO: [ view_parse ] --START--
INFO: [ template_filter ] --START--
INFO: Run Behavior\ContentReplaceBehavior [ RunTime:0.000163s ]
INFO: [ template_filter ] --END-- [ RunTime:0.000329s ]
NOTIC: [8] Undefined variable: user_info D:\Program Files\wamp\www\bishe\Application\Runtime\Cache\Home\7a6db039e867b2411d37ed9304952e0b.php 第 226 行.
INFO: Run Behavior\ParseTemplateBehavior [ RunTime:0.150284s ]
INFO: [ view_parse ] --END-- [ RunTime:0.150509s ]
INFO: [ view_filter ] --START--
INFO: Run Behavior\WriteHtmlCacheBehavior [ RunTime:0.001725s ]
INFO: [ view_filter ] --END-- [ RunTime:0.001909s ]
INFO: [ app_end ] --START--
INFO: Run Behavior\ShowPageTraceBehavior [ RunTime:0.002536s ]
INFO: [ app_end ] --END-- [ RunTime:0.002708s ]

[ 2017-03-14T23:47:25+08:00 ] ::1 /bishe/Home/Index/publishing.html
INFO: [ app_init ] --START--
INFO: Run Behavior\BuildLiteBehavior [ RunTime:0.000037s ]
INFO: [ app_init ] --END-- [ RunTime:0.001157s ]
INFO: [ app_begin ] --START--
INFO: Run Behavior\ReadHtmlCacheBehavior [ RunTime:0.001941s ]
INFO: [ app_begin ] --END-- [ RunTime:0.002161s ]
INFO: [ view_parse ] --START--
INFO: [ template_filter ] --START--
INFO: Run Behavior\ContentReplaceBehavior [ RunTime:0.000237s ]
INFO: [ template_filter ] --END-- [ RunTime:0.000620s ]
NOTIC: [8] Undefined variable: user_info D:\Program Files\wamp\www\bishe\Application\Runtime\Cache\Home\7a6db039e867b2411d37ed9304952e0b.php 第 226 行.
INFO: Run Behavior\ParseTemplateBehavior [ RunTime:0.146065s ]
INFO: [ view_parse ] --END-- [ RunTime:0.146314s ]
INFO: [ view_filter ] --START--
INFO: Run Behavior\WriteHtmlCacheBehavior [ RunTime:0.002534s ]
INFO: [ view_filter ] --END-- [ RunTime:0.003515s ]
INFO: [ app_end ] --START--
INFO: Run Behavior\ShowPageTraceBehavior [ RunTime:0.002701s ]
INFO: [ app_end ] --END-- [ RunTime:0.002910s ]

[ 2017-03-14T23:47:38+08:00 ] ::1 /bishe/Home/Index/publishing.html
INFO: [ app_init ] --START--
INFO: Run Behavior\BuildLiteBehavior [ RunTime:0.000037s ]
INFO: [ app_init ] --END-- [ RunTime:0.000963s ]
INFO: [ app_begin ] --START--
INFO: Run Behavior\ReadHtmlCacheBehavior [ RunTime:0.001973s ]
INFO: [ app_begin ] --END-- [ RunTime:0.002161s ]
SQL: SHOW COLUMNS FROM `pstest` [ RunTime:0.0328s ]
INFO: [ view_parse ] --START--
INFO: [ template_filter ] --START--
INFO: Run Behavior\ContentReplaceBehavior [ RunTime:0.000108s ]
INFO: [ template_filter ] --END-- [ RunTime:0.000306s ]
INFO: Run Behavior\ParseTemplateBehavior [ RunTime:0.090619s ]
INFO: [ view_parse ] --END-- [ RunTime:0.090823s ]
INFO: [ view_filter ] --START--
INFO: Run Behavior\WriteHtmlCacheBehavior [ RunTime:0.001645s ]
INFO: [ view_filter ] --END-- [ RunTime:0.001795s ]

[ 2017-03-14T23:47:41+08:00 ] ::1 /bishe/Home/Index/publishing.html
INFO: [ app_init ] --START--
INFO: Run Behavior\BuildLiteBehavior [ RunTime:0.000037s ]
INFO: [ app_init ] --END-- [ RunTime:0.000934s ]
INFO: [ app_begin ] --START--
INFO: Run Behavior\ReadHtmlCacheBehavior [ RunTime:0.002642s ]
INFO: [ app_begin ] --END-- [ RunTime:0.002912s ]
INFO: [ view_parse ] --START--
INFO: [ template_filter ] --START--
INFO: Run Behavior\ContentReplaceBehavior [ RunTime:0.000175s ]
INFO: [ template_filter ] --END-- [ RunTime:0.000358s ]
NOTIC: [8] Undefined variable: user_info D:\Program Files\wamp\www\bishe\Application\Runtime\Cache\Home\7a6db039e867b2411d37ed9304952e0b.php 第 226 行.
INFO: Run Behavior\ParseTemplateBehavior [ RunTime:0.136155s ]
INFO: [ view_parse ] --END-- [ RunTime:0.136336s ]
INFO: [ view_filter ] --START--
INFO: Run Behavior\WriteHtmlCacheBehavior [ RunTime:0.001843s ]
INFO: [ view_filter ] --END-- [ RunTime:0.002013s ]
INFO: [ app_end ] --START--
INFO: Run Behavior\ShowPageTraceBehavior [ RunTime:0.002474s ]
INFO: [ app_end ] --END-- [ RunTime:0.003069s ]

[ 2017-03-14T23:48:01+08:00 ] ::1 /bishe/Home/Index/publishing.html
INFO: [ app_init ] --START--
INFO: Run Behavior\BuildLiteBehavior [ RunTime:0.000035s ]
INFO: [ app_init ] --END-- [ RunTime:0.000887s ]
INFO: [ app_begin ] --START--
INFO: Run Behavior\ReadHtmlCacheBehavior [ RunTime:0.002038s ]
INFO: [ app_begin ] --END-- [ RunTime:0.002226s ]
INFO: [ view_parse ] --START--
INFO: [ template_filter ] --START--
INFO: Run Behavior\ContentReplaceBehavior [ RunTime:0.000157s ]
INFO: [ template_filter ] --END-- [ RunTime:0.000324s ]
NOTIC: [8] Undefined variable: user_info D:\Program Files\wamp\www\bishe\Application\Runtime\Cache\Home\7a6db039e867b2411d37ed9304952e0b.php 第 226 行.
INFO: Run Behavior\ParseTemplateBehavior [ RunTime:0.140515s ]
INFO: [ view_parse ] --END-- [ RunTime:0.140948s ]
INFO: [ view_filter ] --START--
INFO: Run Behavior\WriteHtmlCacheBehavior [ RunTime:0.001926s ]
INFO: [ view_filter ] --END-- [ RunTime:0.002165s ]
INFO: [ app_end ] --START--
INFO: Run Behavior\ShowPageTraceBehavior [ RunTime:0.003661s ]
INFO: [ app_end ] --END-- [ RunTime:0.003845s ]

[ 2017-03-14T23:48:11+08:00 ] ::1 /bishe/Home/Index/publishing.html
INFO: [ app_init ] --START--
INFO: Run Behavior\BuildLiteBehavior [ RunTime:0.000035s ]
INFO: [ app_init ] --END-- [ RunTime:0.000980s ]
INFO: [ app_begin ] --START--
INFO: Run Behavior\ReadHtmlCacheBehavior [ RunTime:0.001915s ]
INFO: [ app_begin ] --END-- [ RunTime:0.002089s ]
SQL: SHOW COLUMNS FROM `pstest` [ RunTime:0.0628s ]
INFO: [ view_parse ] --START--
INFO: [ template_filter ] --START--
INFO: Run Behavior\ContentReplaceBehavior [ RunTime:0.000095s ]
INFO: [ template_filter ] --END-- [ RunTime:0.000264s ]
INFO: Run Behavior\ParseTemplateBehavior [ RunTime:0.015997s ]
INFO: [ view_parse ] --END-- [ RunTime:0.016229s ]
INFO: [ view_filter ] --START--
INFO: Run Behavior\WriteHtmlCacheBehavior [ RunTime:0.001576s ]
INFO: [ view_filter ] --END-- [ RunTime:0.001759s ]

[ 2017-03-14T23:48:15+08:00 ] ::1 /bishe/Home/Index/publishing.html
INFO: [ app_init ] --START--
INFO: Run Behavior\BuildLiteBehavior [ RunTime:0.000038s ]
INFO: [ app_init ] --END-- [ RunTime:0.001364s ]
INFO: [ app_begin ] --START--
INFO: Run Behavior\ReadHtmlCacheBehavior [ RunTime:0.002676s ]
INFO: [ app_begin ] --END-- [ RunTime:0.002880s ]
INFO: [ view_parse ] --START--
INFO: [ template_filter ] --START--
INFO: Run Behavior\ContentReplaceBehavior [ RunTime:0.000230s ]
INFO: [ template_filter ] --END-- [ RunTime:0.000722s ]
NOTIC: [8] Undefined variable: user_info D:\Program Files\wamp\www\bishe\Application\Runtime\Cache\Home\7a6db039e867b2411d37ed9304952e0b.php 第 226 行.
INFO: Run Behavior\ParseTemplateBehavior [ RunTime:0.143686s ]
INFO: [ view_parse ] --END-- [ RunTime:0.143936s ]
INFO: [ view_filter ] --START--
INFO: Run Behavior\WriteHtmlCacheBehavior [ RunTime:0.002000s ]
INFO: [ view_filter ] --END-- [ RunTime:0.002190s ]
INFO: [ app_end ] --START--
INFO: Run Behavior\ShowPageTraceBehavior [ RunTime:0.002026s ]
INFO: [ app_end ] --END-- [ RunTime:0.002186s ]

[ 2017-03-14T23:48:33+08:00 ] ::1 /bishe/Home/Index/publishing.html
INFO: [ app_init ] --START--
INFO: Run Behavior\BuildLiteBehavior [ RunTime:0.000036s ]
INFO: [ app_init ] --END-- [ RunTime:0.001182s ]
INFO: [ app_begin ] --START--
INFO: Run Behavior\ReadHtmlCacheBehavior [ RunTime:0.002025s ]
INFO: [ app_begin ] --END-- [ RunTime:0.002186s ]
SQL: SHOW COLUMNS FROM `pstest` [ RunTime:0.0327s ]
NOTIC: [2] call_user_func() expects parameter 1 to be a valid callback, no array or string given D:\Program Files\wamp\www\bishe\ThinkPHP\Library\Think\Upload.class.php 第 170 行.
NOTIC: [8] Undefined index: head_photo D:\Program Files\wamp\www\bishe\Application\Home\Controller\IndexController.class.php 第 42 行.
NOTIC: [8] Undefined index: head_photo D:\Program Files\wamp\www\bishe\Application\Home\Controller\IndexController.class.php 第 42 行.
NOTIC: [8] Undefined index: validate D:\Program Files\wamp\www\bishe\ThinkPHP\Library\Think\Model.class.php 第 1185 行.
NOTIC: [8] Undefined index: auto D:\Program Files\wamp\www\bishe\ThinkPHP\Library\Think\Model.class.php 第 1128 行.

[ 2017-03-14T23:49:11+08:00 ] ::1 /bishe/Home/Index/publishing.html
INFO: [ app_init ] --START--
INFO: Run Behavior\BuildLiteBehavior [ RunTime:0.000040s ]
INFO: [ app_init ] --END-- [ RunTime:0.001509s ]
INFO: [ app_begin ] --START--
INFO: Run Behavior\ReadHtmlCacheBehavior [ RunTime:0.002226s ]
INFO: [ app_begin ] --END-- [ RunTime:0.002426s ]
SQL: SHOW COLUMNS FROM `pstest` [ RunTime:0.0301s ]
INFO: [ view_parse ] --START--
INFO: [ template_filter ] --START--
INFO: Run Behavior\ContentReplaceBehavior [ RunTime:0.000100s ]
INFO: [ template_filter ] --END-- [ RunTime:0.000275s ]
INFO: Run Behavior\ParseTemplateBehavior [ RunTime:0.019173s ]
INFO: [ view_parse ] --END-- [ RunTime:0.019361s ]
INFO: [ view_filter ] --START--
INFO: Run Behavior\WriteHtmlCacheBehavior [ RunTime:0.001637s ]
INFO: [ view_filter ] --END-- [ RunTime:0.001791s ]

[ 2017-03-14T23:49:14+08:00 ] ::1 /bishe/Home/Index/publishing.html
INFO: [ app_init ] --START--
INFO: Run Behavior\BuildLiteBehavior [ RunTime:0.000037s ]
INFO: [ app_init ] --END-- [ RunTime:0.001005s ]
INFO: [ app_begin ] --START--
INFO: Run Behavior\ReadHtmlCacheBehavior [ RunTime:0.003238s ]
INFO: [ app_begin ] --END-- [ RunTime:0.003499s ]
INFO: [ view_parse ] --START--
INFO: [ template_filter ] --START--
INFO: Run Behavior\ContentReplaceBehavior [ RunTime:0.000159s ]
INFO: [ template_filter ] --END-- [ RunTime:0.000340s ]
NOTIC: [8] Undefined variable: user_info D:\Program Files\wamp\www\bishe\Application\Runtime\Cache\Home\7a6db039e867b2411d37ed9304952e0b.php 第 226 行.
INFO: Run Behavior\ParseTemplateBehavior [ RunTime:0.153177s ]
INFO: [ view_parse ] --END-- [ RunTime:0.153365s ]
INFO: [ view_filter ] --START--
INFO: Run Behavior\WriteHtmlCacheBehavior [ RunTime:0.002607s ]
INFO: [ view_filter ] --END-- [ RunTime:0.002776s ]
INFO: [ app_end ] --START--
INFO: Run Behavior\ShowPageTraceBehavior [ RunTime:0.002780s ]
INFO: [ app_end ] --END-- [ RunTime:0.003062s ]

[ 2017-03-14T23:49:45+08:00 ] ::1 /bishe/Home/Index/publishing.html
INFO: [ app_init ] --START--
INFO: Run Behavior\BuildLiteBehavior [ RunTime:0.000042s ]
INFO: [ app_init ] --END-- [ RunTime:0.002382s ]
INFO: [ app_begin ] --START--
INFO: Run Behavior\ReadHtmlCacheBehavior [ RunTime:0.002857s ]
INFO: [ app_begin ] --END-- [ RunTime:0.003185s ]
INFO: [ view_parse ] --START--
INFO: [ template_filter ] --START--
INFO: Run Behavior\ContentReplaceBehavior [ RunTime:0.000172s ]
INFO: [ template_filter ] --END-- [ RunTime:0.000358s ]
NOTIC: [8] Undefined variable: user_info D:\Program Files\wamp\www\bishe\Application\Runtime\Cache\Home\7a6db039e867b2411d37ed9304952e0b.php 第 226 行.
INFO: Run Behavior\ParseTemplateBehavior [ RunTime:0.175313s ]
INFO: [ view_parse ] --END-- [ RunTime:0.175570s ]
INFO: [ view_filter ] --START--
INFO: Run Behavior\WriteHtmlCacheBehavior [ RunTime:0.001967s ]
INFO: [ view_filter ] --END-- [ RunTime:0.002137s ]
INFO: [ app_end ] --START--
INFO: Run Behavior\ShowPageTraceBehavior [ RunTime:0.002167s ]
INFO: [ app_end ] --END-- [ RunTime:0.002340s ]

[ 2017-03-14T23:49:53+08:00 ] ::1 /bishe/Home/Index/publishing.html
INFO: [ app_init ] --START--
INFO: Run Behavior\BuildLiteBehavior [ RunTime:0.000038s ]
INFO: [ app_init ] --END-- [ RunTime:0.001074s ]
INFO: [ app_begin ] --START--
INFO: Run Behavior\ReadHtmlCacheBehavior [ RunTime:0.002002s ]
INFO: [ app_begin ] --END-- [ RunTime:0.002236s ]
SQL: SHOW COLUMNS FROM `pstest` [ RunTime:0.2161s ]
INFO: [ view_parse ] --START--
INFO: [ template_filter ] --START--
INFO: Run Behavior\ContentReplaceBehavior [ RunTime:0.000101s ]
INFO: [ template_filter ] --END-- [ RunTime:0.000276s ]
INFO: Run Behavior\ParseTemplateBehavior [ RunTime:0.024655s ]
INFO: [ view_parse ] --END-- [ RunTime:0.024849s ]
INFO: [ view_filter ] --START--
INFO: Run Behavior\WriteHtmlCacheBehavior [ RunTime:0.001799s ]
INFO: [ view_filter ] --END-- [ RunTime:0.001962s ]

[ 2017-03-14T23:49:56+08:00 ] ::1 /bishe/Home/Index/publishing.html
INFO: [ app_init ] --START--
INFO: Run Behavior\BuildLiteBehavior [ RunTime:0.000036s ]
INFO: [ app_init ] --END-- [ RunTime:0.000958s ]
INFO: [ app_begin ] --START--
INFO: Run Behavior\ReadHtmlCacheBehavior [ RunTime:0.002554s ]
INFO: [ app_begin ] --END-- [ RunTime:0.002742s ]
INFO: [ view_parse ] --START--
INFO: [ template_filter ] --START--
INFO: Run Behavior\ContentReplaceBehavior [ RunTime:0.000183s ]
INFO: [ template_filter ] --END-- [ RunTime:0.000610s ]
NOTIC: [8] Undefined variable: user_info D:\Program Files\wamp\www\bishe\Application\Runtime\Cache\Home\7a6db039e867b2411d37ed9304952e0b.php 第 226 行.
INFO: Run Behavior\ParseTemplateBehavior [ RunTime:0.173531s ]
INFO: [ view_parse ] --END-- [ RunTime:0.173800s ]
INFO: [ view_filter ] --START--
INFO: Run Behavior\WriteHtmlCacheBehavior [ RunTime:0.002774s ]
INFO: [ view_filter ] --END-- [ RunTime:0.002936s ]
INFO: [ app_end ] --START--
INFO: Run Behavior\ShowPageTraceBehavior [ RunTime:0.002038s ]
INFO: [ app_end ] --END-- [ RunTime:0.002226s ]

[ 2017-03-14T23:50:02+08:00 ] ::1 /bishe/Home/Index/publishing.html
INFO: [ app_init ] --START--
INFO: Run Behavior\BuildLiteBehavior [ RunTime:0.000040s ]
INFO: [ app_init ] --END-- [ RunTime:0.001235s ]
INFO: [ app_begin ] --START--
INFO: Run Behavior\ReadHtmlCacheBehavior [ RunTime:0.003313s ]
INFO: [ app_begin ] --END-- [ RunTime:0.003514s ]
SQL: SHOW COLUMNS FROM `pstest` [ RunTime:0.0388s ]
NOTIC: [2] call_user_func() expects parameter 1 to be a valid callback, no array or string given D:\Program Files\wamp\www\bishe\ThinkPHP\Library\Think\Upload.class.php 第 170 行.
NOTIC: [8] Undefined index: validate D:\Program Files\wamp\www\bishe\ThinkPHP\Library\Think\Model.class.php 第 1185 行.
NOTIC: [8] Undefined index: auto D:\Program Files\wamp\www\bishe\ThinkPHP\Library\Think\Model.class.php 第 1128 行.

[ 2017-03-14T23:50:38+08:00 ] ::1 /bishe/Home/Index/publishing.html
INFO: [ app_init ] --START--
INFO: Run Behavior\BuildLiteBehavior [ RunTime:0.000042s ]
INFO: [ app_init ] --END-- [ RunTime:0.001117s ]
INFO: [ app_begin ] --START--
INFO: Run Behavior\ReadHtmlCacheBehavior [ RunTime:0.002521s ]
INFO: [ app_begin ] --END-- [ RunTime:0.002712s ]
SQL: SHOW COLUMNS FROM `pstest` [ RunTime:0.0494s ]
INFO: [ view_parse ] --START--
INFO: [ template_filter ] --START--
INFO: Run Behavior\ContentReplaceBehavior [ RunTime:0.000132s ]
INFO: [ template_filter ] --END-- [ RunTime:0.000381s ]
INFO: Run Behavior\ParseTemplateBehavior [ RunTime:0.046003s ]
INFO: [ view_parse ] --END-- [ RunTime:0.046248s ]
INFO: [ view_filter ] --START--
INFO: Run Behavior\WriteHtmlCacheBehavior [ RunTime:0.003489s ]
INFO: [ view_filter ] --END-- [ RunTime:0.003665s ]

[ 2017-03-14T23:50:41+08:00 ] ::1 /bishe/Home/Index/publishing.html
INFO: [ app_init ] --START--
INFO: Run Behavior\BuildLiteBehavior [ RunTime:0.000036s ]
INFO: [ app_init ] --END-- [ RunTime:0.001145s ]
INFO: [ app_begin ] --START--
INFO: Run Behavior\ReadHtmlCacheBehavior [ RunTime:0.003016s ]
INFO: [ app_begin ] --END-- [ RunTime:0.003208s ]
INFO: [ view_parse ] --START--
INFO: [ template_filter ] --START--
INFO: Run Behavior\ContentReplaceBehavior [ RunTime:0.000224s ]
INFO: [ template_filter ] --END-- [ RunTime:0.000472s ]
NOTIC: [8] Undefined variable: user_info D:\Program Files\wamp\www\bishe\Application\Runtime\Cache\Home\7a6db039e867b2411d37ed9304952e0b.php 第 226 行.
INFO: Run Behavior\ParseTemplateBehavior [ RunTime:0.163240s ]
INFO: [ view_parse ] --END-- [ RunTime:0.163450s ]
INFO: [ view_filter ] --START--
INFO: Run Behavior\WriteHtmlCacheBehavior [ RunTime:0.001873s ]
INFO: [ view_filter ] --END-- [ RunTime:0.002050s ]
INFO: [ app_end ] --START--
INFO: Run Behavior\ShowPageTraceBehavior [ RunTime:0.002151s ]
INFO: [ app_end ] --END-- [ RunTime:0.002360s ]

[ 2017-03-14T23:53:54+08:00 ] ::1 /bishe/Home/Index/publishing.html
INFO: [ app_init ] --START--
INFO: Run Behavior\BuildLiteBehavior [ RunTime:0.000039s ]
INFO: [ app_init ] --END-- [ RunTime:0.000999s ]
INFO: [ app_begin ] --START--
INFO: Run Behavior\ReadHtmlCacheBehavior [ RunTime:0.003093s ]
INFO: [ app_begin ] --END-- [ RunTime:0.003377s ]
SQL: SHOW COLUMNS FROM `pstest` [ RunTime:0.0866s ]
INFO: [ view_parse ] --START--
INFO: [ template_filter ] --START--
INFO: Run Behavior\ContentReplaceBehavior [ RunTime:0.000174s ]
INFO: [ template_filter ] --END-- [ RunTime:0.000397s ]
NOTIC: [8] Undefined variable: user_info D:\Program Files\wamp\www\bishe\Application\Runtime\Cache\Home\7a6db039e867b2411d37ed9304952e0b.php 第 226 行.
INFO: Run Behavior\ParseTemplateBehavior [ RunTime:0.242555s ]
INFO: [ view_parse ] --END-- [ RunTime:0.242864s ]
INFO: [ view_filter ] --START--
INFO: Run Behavior\WriteHtmlCacheBehavior [ RunTime:0.003904s ]
INFO: [ view_filter ] --END-- [ RunTime:0.004140s ]
INFO: [ app_end ] --START--
INFO: Run Behavior\ShowPageTraceBehavior [ RunTime:0.004162s ]
INFO: [ app_end ] --END-- [ RunTime:0.004387s ]

[ 2017-03-14T23:54:11+08:00 ] ::1 /bishe/Home/Index/publishing.html
INFO: [ app_init ] --START--
INFO: Run Behavior\BuildLiteBehavior [ RunTime:0.000039s ]
INFO: [ app_init ] --END-- [ RunTime:0.001479s ]
INFO: [ app_begin ] --START--
INFO: Run Behavior\ReadHtmlCacheBehavior [ RunTime:0.004332s ]
INFO: [ app_begin ] --END-- [ RunTime:0.004603s ]
SQL: SHOW COLUMNS FROM `pstest` [ RunTime:0.0395s ]
INFO: [ view_parse ] --START--
INFO: [ template_filter ] --START--
INFO: Run Behavior\ContentReplaceBehavior [ RunTime:0.000099s ]
INFO: [ template_filter ] --END-- [ RunTime:0.000294s ]
INFO: Run Behavior\ParseTemplateBehavior [ RunTime:0.016599s ]
INFO: [ view_parse ] --END-- [ RunTime:0.016837s ]
INFO: [ view_filter ] --START--
INFO: Run Behavior\WriteHtmlCacheBehavior [ RunTime:0.001661s ]
INFO: [ view_filter ] --END-- [ RunTime:0.001848s ]

[ 2017-03-14T23:54:14+08:00 ] ::1 /bishe/Home/Index/publishing.html
INFO: [ app_init ] --START--
INFO: Run Behavior\BuildLiteBehavior [ RunTime:0.000037s ]
INFO: [ app_init ] --END-- [ RunTime:0.000904s ]
INFO: [ app_begin ] --START--
INFO: Run Behavior\ReadHtmlCacheBehavior [ RunTime:0.002195s ]
INFO: [ app_begin ] --END-- [ RunTime:0.002416s ]
SQL: SHOW COLUMNS FROM `pstest` [ RunTime:0.0378s ]
INFO: [ view_parse ] --START--
INFO: [ template_filter ] --START--
INFO: Run Behavior\ContentReplaceBehavior [ RunTime:0.000162s ]
INFO: [ template_filter ] --END-- [ RunTime:0.000329s ]
NOTIC: [8] Undefined variable: user_info D:\Program Files\wamp\www\bishe\Application\Runtime\Cache\Home\7a6db039e867b2411d37ed9304952e0b.php 第 226 行.
INFO: Run Behavior\ParseTemplateBehavior [ RunTime:0.137042s ]
INFO: [ view_parse ] --END-- [ RunTime:0.137211s ]
INFO: [ view_filter ] --START--
INFO: Run Behavior\WriteHtmlCacheBehavior [ RunTime:0.001668s ]
INFO: [ view_filter ] --END-- [ RunTime:0.001814s ]
INFO: [ app_end ] --START--
INFO: Run Behavior\ShowPageTraceBehavior [ RunTime:0.001936s ]
INFO: [ app_end ] --END-- [ RunTime:0.002087s ]

[ 2017-03-14T23:54:21+08:00 ] ::1 /bishe/Home/Index/publishing.html
INFO: [ app_init ] --START--
INFO: Run Behavior\BuildLiteBehavior [ RunTime:0.000043s ]
INFO: [ app_init ] --END-- [ RunTime:0.002724s ]
INFO: [ app_begin ] --START--
INFO: Run Behavior\ReadHtmlCacheBehavior [ RunTime:0.001989s ]
INFO: [ app_begin ] --END-- [ RunTime:0.002160s ]
SQL: SHOW COLUMNS FROM `pstest` [ RunTime:0.1351s ]
NOTIC: [2] call_user_func() expects parameter 1 to be a valid callback, no array or string given D:\Program Files\wamp\www\bishe\ThinkPHP\Library\Think\Upload.class.php 第 170 行.
NOTIC: [8] Undefined variable: user_m D:\Program Files\wamp\www\bishe\Application\Home\Controller\IndexController.class.php 第 41 行.

[ 2017-03-14T23:55:01+08:00 ] ::1 /bishe/Home/Index/publishing.html
INFO: [ app_init ] --START--
INFO: Run Behavior\BuildLiteBehavior [ RunTime:0.000037s ]
INFO: [ app_init ] --END-- [ RunTime:0.000977s ]
INFO: [ app_begin ] --START--
INFO: Run Behavior\ReadHtmlCacheBehavior [ RunTime:0.002444s ]
INFO: [ app_begin ] --END-- [ RunTime:0.002699s ]
SQL: SHOW COLUMNS FROM `pstest` [ RunTime:0.0651s ]
INFO: [ view_parse ] --START--
INFO: [ template_filter ] --START--
INFO: Run Behavior\ContentReplaceBehavior [ RunTime:0.000161s ]
INFO: [ template_filter ] --END-- [ RunTime:0.000325s ]
NOTIC: [8] Undefined variable: user_info D:\Program Files\wamp\www\bishe\Application\Runtime\Cache\Home\7a6db039e867b2411d37ed9304952e0b.php 第 226 行.
INFO: Run Behavior\ParseTemplateBehavior [ RunTime:0.177489s ]
INFO: [ view_parse ] --END-- [ RunTime:0.177666s ]
INFO: [ view_filter ] --START--
INFO: Run Behavior\WriteHtmlCacheBehavior [ RunTime:0.001852s ]
INFO: [ view_filter ] --END-- [ RunTime:0.002016s ]
INFO: [ app_end ] --START--
INFO: Run Behavior\ShowPageTraceBehavior [ RunTime:0.002781s ]
INFO: [ app_end ] --END-- [ RunTime:0.003052s ]

[ 2017-03-14T23:55:20+08:00 ] ::1 /bishe/Home/Index/publishing.html
INFO: [ app_init ] --START--
INFO: Run Behavior\BuildLiteBehavior [ RunTime:0.000039s ]
INFO: [ app_init ] --END-- [ RunTime:0.001195s ]
INFO: [ app_begin ] --START--
INFO: Run Behavior\ReadHtmlCacheBehavior [ RunTime:0.003716s ]
INFO: [ app_begin ] --END-- [ RunTime:0.004068s ]
SQL: SHOW COLUMNS FROM `pstest` [ RunTime:0.0819s ]
INFO: [ view_parse ] --START--
INFO: [ template_filter ] --START--
INFO: Run Behavior\ContentReplaceBehavior [ RunTime:0.000102s ]
INFO: [ template_filter ] --END-- [ RunTime:0.000290s ]
INFO: Run Behavior\ParseTemplateBehavior [ RunTime:0.019397s ]
INFO: [ view_parse ] --END-- [ RunTime:0.019615s ]
INFO: [ view_filter ] --START--
INFO: Run Behavior\WriteHtmlCacheBehavior [ RunTime:0.001637s ]
INFO: [ view_filter ] --END-- [ RunTime:0.001808s ]

[ 2017-03-14T23:55:23+08:00 ] ::1 /bishe/Home/Index/publishing.html
INFO: [ app_init ] --START--
INFO: Run Behavior\BuildLiteBehavior [ RunTime:0.000037s ]
INFO: [ app_init ] --END-- [ RunTime:0.001005s ]
INFO: [ app_begin ] --START--
INFO: Run Behavior\ReadHtmlCacheBehavior [ RunTime:0.002714s ]
INFO: [ app_begin ] --END-- [ RunTime:0.002955s ]
SQL: SHOW COLUMNS FROM `pstest` [ RunTime:0.0870s ]
INFO: [ view_parse ] --START--
INFO: [ template_filter ] --START--
INFO: Run Behavior\ContentReplaceBehavior [ RunTime:0.000177s ]
INFO: [ template_filter ] --END-- [ RunTime:0.000479s ]
NOTIC: [8] Undefined variable: user_info D:\Program Files\wamp\www\bishe\Application\Runtime\Cache\Home\7a6db039e867b2411d37ed9304952e0b.php 第 226 行.
INFO: Run Behavior\ParseTemplateBehavior [ RunTime:0.166901s ]
INFO: [ view_parse ] --END-- [ RunTime:0.167206s ]
INFO: [ view_filter ] --START--
INFO: Run Behavior\WriteHtmlCacheBehavior [ RunTime:0.001931s ]
INFO: [ view_filter ] --END-- [ RunTime:0.002113s ]
INFO: [ app_end ] --START--
INFO: Run Behavior\ShowPageTraceBehavior [ RunTime:0.001995s ]
INFO: [ app_end ] --END-- [ RunTime:0.002156s ]

[ 2017-03-14T23:55:28+08:00 ] ::1 /bishe/Home/Index/publishing.html
INFO: [ app_init ] --START--
INFO: Run Behavior\BuildLiteBehavior [ RunTime:0.000043s ]
INFO: [ app_init ] --END-- [ RunTime:0.001208s ]
INFO: [ app_begin ] --START--
INFO: Run Behavior\ReadHtmlCacheBehavior [ RunTime:0.002426s ]
INFO: [ app_begin ] --END-- [ RunTime:0.002611s ]
SQL: SHOW COLUMNS FROM `pstest` [ RunTime:0.1359s ]
NOTIC: [2] call_user_func() expects parameter 1 to be a valid callback, no array or string given D:\Program Files\wamp\www\bishe\ThinkPHP\Library\Think\Upload.class.php 第 170 行.
NOTIC: [8] Undefined index: validate D:\Program Files\wamp\www\bishe\ThinkPHP\Library\Think\Model.class.php 第 1185 行.
NOTIC: [8] Undefined index: auto D:\Program Files\wamp\www\bishe\ThinkPHP\Library\Think\Model.class.php 第 1128 行.

[ 2017-03-14T23:55:50+08:00 ] ::1 /bishe/Home/Index/publishing.html
INFO: [ app_init ] --START--
INFO: Run Behavior\BuildLiteBehavior [ RunTime:0.000306s ]
INFO: [ app_init ] --END-- [ RunTime:0.006205s ]
INFO: [ app_begin ] --START--
INFO: Run Behavior\ReadHtmlCacheBehavior [ RunTime:0.002549s ]
INFO: [ app_begin ] --END-- [ RunTime:0.002806s ]
SQL: SHOW COLUMNS FROM `pstest` [ RunTime:0.0413s ]
INFO: [ view_parse ] --START--
INFO: [ template_filter ] --START--
INFO: Run Behavior\ContentReplaceBehavior [ RunTime:0.000103s ]
INFO: [ template_filter ] --END-- [ RunTime:0.000269s ]
INFO: Run Behavior\ParseTemplateBehavior [ RunTime:0.017358s ]
INFO: [ view_parse ] --END-- [ RunTime:0.017561s ]
INFO: [ view_filter ] --START--
INFO: Run Behavior\WriteHtmlCacheBehavior [ RunTime:0.001672s ]
INFO: [ view_filter ] --END-- [ RunTime:0.001834s ]

[ 2017-03-14T23:55:54+08:00 ] ::1 /bishe/Home/Index/publishing.html
INFO: [ app_init ] --START--
INFO: Run Behavior\BuildLiteBehavior [ RunTime:0.000037s ]
INFO: [ app_init ] --END-- [ RunTime:0.000939s ]
INFO: [ app_begin ] --START--
INFO: Run Behavior\ReadHtmlCacheBehavior [ RunTime:0.002176s ]
INFO: [ app_begin ] --END-- [ RunTime:0.002504s ]
SQL: SHOW COLUMNS FROM `pstest` [ RunTime:0.0580s ]
INFO: [ view_parse ] --START--
INFO: [ template_filter ] --START--
INFO: Run Behavior\ContentReplaceBehavior [ RunTime:0.000168s ]
INFO: [ template_filter ] --END-- [ RunTime:0.000341s ]
NOTIC: [8] Undefined variable: user_info D:\Program Files\wamp\www\bishe\Application\Runtime\Cache\Home\7a6db039e867b2411d37ed9304952e0b.php 第 226 行.
INFO: Run Behavior\ParseTemplateBehavior [ RunTime:0.160974s ]
INFO: [ view_parse ] --END-- [ RunTime:0.161182s ]
INFO: [ view_filter ] --START--
INFO: Run Behavior\WriteHtmlCacheBehavior [ RunTime:0.002040s ]
INFO: [ view_filter ] --END-- [ RunTime:0.002206s ]
INFO: [ app_end ] --START--
INFO: Run Behavior\ShowPageTraceBehavior [ RunTime:0.001977s ]
INFO: [ app_end ] --END-- [ RunTime:0.002127s ]

[ 2017-03-14T23:55:59+08:00 ] ::1 /bishe/Home/Index/publishing.html
INFO: [ app_init ] --START--
INFO: Run Behavior\BuildLiteBehavior [ RunTime:0.000042s ]
INFO: [ app_init ] --END-- [ RunTime:0.001216s ]
INFO: [ app_begin ] --START--
INFO: Run Behavior\ReadHtmlCacheBehavior [ RunTime:0.001895s ]
INFO: [ app_begin ] --END-- [ RunTime:0.002170s ]
SQL: SHOW COLUMNS FROM `pstest` [ RunTime:0.0335s ]
INFO: [ view_parse ] --START--
INFO: [ template_filter ] --START--
INFO: Run Behavior\ContentReplaceBehavior [ RunTime:0.000143s ]
INFO: [ template_filter ] --END-- [ RunTime:0.000325s ]
INFO: Run Behavior\ParseTemplateBehavior [ RunTime:0.015816s ]
INFO: [ view_parse ] --END-- [ RunTime:0.016055s ]
INFO: [ view_filter ] --START--
INFO: Run Behavior\WriteHtmlCacheBehavior [ RunTime:0.001619s ]
INFO: [ view_filter ] --END-- [ RunTime:0.001799s ]

[ 2017-03-14T23:56:02+08:00 ] ::1 /bishe/Home/Index/publishing.html
INFO: [ app_init ] --START--
INFO: Run Behavior\BuildLiteBehavior [ RunTime:0.000040s ]
INFO: [ app_init ] --END-- [ RunTime:0.001198s ]
INFO: [ app_begin ] --START--
INFO: Run Behavior\ReadHtmlCacheBehavior [ RunTime:0.003051s ]
INFO: [ app_begin ] --END-- [ RunTime:0.003273s ]
SQL: SHOW COLUMNS FROM `pstest` [ RunTime:0.0905s ]
INFO: [ view_parse ] --START--
INFO: [ template_filter ] --START--
INFO: Run Behavior\ContentReplaceBehavior [ RunTime:0.000171s ]
INFO: [ template_filter ] --END-- [ RunTime:0.000355s ]
NOTIC: [8] Undefined variable: user_info D:\Program Files\wamp\www\bishe\Application\Runtime\Cache\Home\7a6db039e867b2411d37ed9304952e0b.php 第 226 行.
INFO: Run Behavior\ParseTemplateBehavior [ RunTime:0.148638s ]
INFO: [ view_parse ] --END-- [ RunTime:0.148811s ]
INFO: [ view_filter ] --START--
INFO: Run Behavior\WriteHtmlCacheBehavior [ RunTime:0.001880s ]
INFO: [ view_filter ] --END-- [ RunTime:0.002051s ]
INFO: [ app_end ] --START--
INFO: Run Behavior\ShowPageTraceBehavior [ RunTime:0.001965s ]
INFO: [ app_end ] --END-- [ RunTime:0.002118s ]

[ 2017-03-14T23:56:32+08:00 ] ::1 /bishe/Home/Index/publishing.html
INFO: [ app_init ] --START--
INFO: Run Behavior\BuildLiteBehavior [ RunTime:0.000092s ]
INFO: [ app_init ] --END-- [ RunTime:0.001523s ]
INFO: [ app_begin ] --START--
INFO: Run Behavior\ReadHtmlCacheBehavior [ RunTime:0.009444s ]
INFO: [ app_begin ] --END-- [ RunTime:0.009696s ]
SQL: SHOW COLUMNS FROM `pstest` [ RunTime:0.0580s ]
INFO: [ view_parse ] --START--
INFO: [ template_filter ] --START--
INFO: Run Behavior\ContentReplaceBehavior [ RunTime:0.000105s ]
INFO: [ template_filter ] --END-- [ RunTime:0.000287s ]
INFO: Run Behavior\ParseTemplateBehavior [ RunTime:0.015760s ]
INFO: [ view_parse ] --END-- [ RunTime:0.015984s ]
INFO: [ view_filter ] --START--
INFO: Run Behavior\WriteHtmlCacheBehavior [ RunTime:0.001629s ]
INFO: [ view_filter ] --END-- [ RunTime:0.001808s ]

[ 2017-03-14T23:56:35+08:00 ] ::1 /bishe/Home/Index/publishing.html
INFO: [ app_init ] --START--
INFO: Run Behavior\BuildLiteBehavior [ RunTime:0.000040s ]
INFO: [ app_init ] --END-- [ RunTime:0.001024s ]
INFO: [ app_begin ] --START--
INFO: Run Behavior\ReadHtmlCacheBehavior [ RunTime:0.002391s ]
INFO: [ app_begin ] --END-- [ RunTime:0.002593s ]
SQL: SHOW COLUMNS FROM `pstest` [ RunTime:0.0553s ]
INFO: [ view_parse ] --START--
INFO: [ template_filter ] --START--
INFO: Run Behavior\ContentReplaceBehavior [ RunTime:0.000166s ]
INFO: [ template_filter ] --END-- [ RunTime:0.000342s ]
NOTIC: [8] Undefined variable: user_info D:\Program Files\wamp\www\bishe\Application\Runtime\Cache\Home\7a6db039e867b2411d37ed9304952e0b.php 第 226 行.
INFO: Run Behavior\ParseTemplateBehavior [ RunTime:0.144998s ]
INFO: [ view_parse ] --END-- [ RunTime:0.145195s ]
INFO: [ view_filter ] --START--
INFO: Run Behavior\WriteHtmlCacheBehavior [ RunTime:0.001787s ]
INFO: [ view_filter ] --END-- [ RunTime:0.002119s ]
INFO: [ app_end ] --START--
INFO: Run Behavior\ShowPageTraceBehavior [ RunTime:0.002000s ]
INFO: [ app_end ] --END-- [ RunTime:0.002153s ]

[ 2017-03-14T23:56:55+08:00 ] ::1 /bishe/Home/Index/publishing.html
INFO: [ app_init ] --START--
INFO: Run Behavior\BuildLiteBehavior [ RunTime:0.000038s ]
INFO: [ app_init ] --END-- [ RunTime:0.001012s ]
INFO: [ app_begin ] --START--
INFO: Run Behavior\ReadHtmlCacheBehavior [ RunTime:0.002207s ]
INFO: [ app_begin ] --END-- [ RunTime:0.002409s ]
SQL: SHOW COLUMNS FROM `pstest` [ RunTime:0.0915s ]
INFO: [ view_parse ] --START--
INFO: [ template_filter ] --START--
INFO: Run Behavior\ContentReplaceBehavior [ RunTime:0.000100s ]
INFO: [ template_filter ] --END-- [ RunTime:0.000273s ]
INFO: Run Behavior\ParseTemplateBehavior [ RunTime:0.016353s ]
INFO: [ view_parse ] --END-- [ RunTime:0.016552s ]
INFO: [ view_filter ] --START--
INFO: Run Behavior\WriteHtmlCacheBehavior [ RunTime:0.001639s ]
INFO: [ view_filter ] --END-- [ RunTime:0.001797s ]

[ 2017-03-14T23:56:58+08:00 ] ::1 /bishe/Home/Index/publishing.html
INFO: [ app_init ] --START--
INFO: Run Behavior\BuildLiteBehavior [ RunTime:0.000091s ]
INFO: [ app_init ] --END-- [ RunTime:0.001032s ]
INFO: [ app_begin ] --START--
INFO: Run Behavior\ReadHtmlCacheBehavior [ RunTime:0.002882s ]
INFO: [ app_begin ] --END-- [ RunTime:0.003079s ]
SQL: SHOW COLUMNS FROM `pstest` [ RunTime:0.0609s ]
INFO: [ view_parse ] --START--
INFO: [ template_filter ] --START--
INFO: Run Behavior\ContentReplaceBehavior [ RunTime:0.000260s ]
INFO: [ template_filter ] --END-- [ RunTime:0.000454s ]
NOTIC: [8] Undefined variable: user_info D:\Program Files\wamp\www\bishe\Application\Runtime\Cache\Home\7a6db039e867b2411d37ed9304952e0b.php 第 226 行.
INFO: Run Behavior\ParseTemplateBehavior [ RunTime:0.145465s ]
INFO: [ view_parse ] --END-- [ RunTime:0.145652s ]
INFO: [ view_filter ] --START--
INFO: Run Behavior\WriteHtmlCacheBehavior [ RunTime:0.001873s ]
INFO: [ view_filter ] --END-- [ RunTime:0.002049s ]
INFO: [ app_end ] --START--
INFO: Run Behavior\ShowPageTraceBehavior [ RunTime:0.003175s ]
INFO: [ app_end ] --END-- [ RunTime:0.003350s ]

[ 2017-03-14T23:59:06+08:00 ] ::1 /bishe/Home/Index/publishing.html
INFO: [ app_init ] --START--
INFO: Run Behavior\BuildLiteBehavior [ RunTime:0.000038s ]
INFO: [ app_init ] --END-- [ RunTime:0.001064s ]
INFO: [ app_begin ] --START--
INFO: Run Behavior\ReadHtmlCacheBehavior [ RunTime:0.002279s ]
INFO: [ app_begin ] --END-- [ RunTime:0.002514s ]
SQL: SHOW COLUMNS FROM `pstest` [ RunTime:0.0787s ]
INFO: [ view_parse ] --START--
INFO: [ template_filter ] --START--
INFO: Run Behavior\ContentReplaceBehavior [ RunTime:0.000182s ]
INFO: [ template_filter ] --END-- [ RunTime:0.000395s ]
NOTIC: [8] Undefined variable: user_info D:\Program Files\wamp\www\bishe\Application\Runtime\Cache\Home\7a6db039e867b2411d37ed9304952e0b.php 第 226 行.
INFO: Run Behavior\ParseTemplateBehavior [ RunTime:0.139115s ]
INFO: [ view_parse ] --END-- [ RunTime:0.139283s ]
INFO: [ view_filter ] --START--
INFO: Run Behavior\WriteHtmlCacheBehavior [ RunTime:0.001657s ]
INFO: [ view_filter ] --END-- [ RunTime:0.001806s ]
INFO: [ app_end ] --START--
INFO: Run Behavior\ShowPageTraceBehavior [ RunTime:0.002084s ]
INFO: [ app_end ] --END-- [ RunTime:0.002247s ]

[ 2017-03-14T23:59:10+08:00 ] ::1 /bishe/Home/Index/publishing.html
INFO: [ app_init ] --START--
INFO: Run Behavior\BuildLiteBehavior [ RunTime:0.000040s ]
INFO: [ app_init ] --END-- [ RunTime:0.001368s ]
INFO: [ app_begin ] --START--
INFO: Run Behavior\ReadHtmlCacheBehavior [ RunTime:0.002078s ]
INFO: [ app_begin ] --END-- [ RunTime:0.002266s ]
SQL: SHOW COLUMNS FROM `pstest` [ RunTime:0.0373s ]
INFO: [ view_parse ] --START--
INFO: [ template_filter ] --START--
INFO: Run Behavior\ContentReplaceBehavior [ RunTime:0.000161s ]
INFO: [ template_filter ] --END-- [ RunTime:0.000327s ]
NOTIC: [8] Undefined variable: user_info D:\Program Files\wamp\www\bishe\Application\Runtime\Cache\Home\7a6db039e867b2411d37ed9304952e0b.php 第 226 行.
INFO: Run Behavior\ParseTemplateBehavior [ RunTime:0.138795s ]
INFO: [ view_parse ] --END-- [ RunTime:0.138968s ]
INFO: [ view_filter ] --START--
INFO: Run Behavior\WriteHtmlCacheBehavior [ RunTime:0.002043s ]
INFO: [ view_filter ] --END-- [ RunTime:0.002204s ]
INFO: [ app_end ] --START--
INFO: Run Behavior\ShowPageTraceBehavior [ RunTime:0.002069s ]
INFO: [ app_end ] --END-- [ RunTime:0.002261s ]

[ 2017-03-14T23:59:33+08:00 ] ::1 /bishe/Home/Index/publishing.html
INFO: [ app_init ] --START--
INFO: Run Behavior\BuildLiteBehavior [ RunTime:0.000053s ]
INFO: [ app_init ] --END-- [ RunTime:0.001276s ]
INFO: [ app_begin ] --START--
INFO: Run Behavior\ReadHtmlCacheBehavior [ RunTime:0.003266s ]
INFO: [ app_begin ] --END-- [ RunTime:0.003468s ]
SQL: SHOW COLUMNS FROM `pstest` [ RunTime:0.0497s ]
INFO: [ view_parse ] --START--
INFO: [ template_filter ] --START--
INFO: Run Behavior\ContentReplaceBehavior [ RunTime:0.000108s ]
INFO: [ template_filter ] --END-- [ RunTime:0.000301s ]
INFO: Run Behavior\ParseTemplateBehavior [ RunTime:0.022129s ]
INFO: [ view_parse ] --END-- [ RunTime:0.022553s ]
INFO: [ view_filter ] --START--
INFO: Run Behavior\WriteHtmlCacheBehavior [ RunTime:0.002280s ]
INFO: [ view_filter ] --END-- [ RunTime:0.002594s ]

[ 2017-03-14T23:59:37+08:00 ] ::1 /bishe/Home/Index/publishing.html
INFO: [ app_init ] --START--
INFO: Run Behavior\BuildLiteBehavior [ RunTime:0.000038s ]
INFO: [ app_init ] --END-- [ RunTime:0.000954s ]
INFO: [ app_begin ] --START--
INFO: Run Behavior\ReadHtmlCacheBehavior [ RunTime:0.002585s ]
INFO: [ app_begin ] --END-- [ RunTime:0.002812s ]
SQL: SHOW COLUMNS FROM `pstest` [ RunTime:0.0809s ]
INFO: [ view_parse ] --START--
INFO: [ template_filter ] --START--
INFO: Run Behavior\ContentReplaceBehavior [ RunTime:0.000174s ]
INFO: [ template_filter ] --END-- [ RunTime:0.000351s ]
NOTIC: [8] Undefined variable: user_info D:\Program Files\wamp\www\bishe\Application\Runtime\Cache\Home\7a6db039e867b2411d37ed9304952e0b.php 第 226 行.
INFO: Run Behavior\ParseTemplateBehavior [ RunTime:0.138440s ]
INFO: [ view_parse ] --END-- [ RunTime:0.138611s ]
INFO: [ view_filter ] --START--
INFO: Run Behavior\WriteHtmlCacheBehavior [ RunTime:0.002058s ]
INFO: [ view_filter ] --END-- [ RunTime:0.002226s ]
INFO: [ app_end ] --START--
INFO: Run Behavior\ShowPageTraceBehavior [ RunTime:0.002021s ]
INFO: [ app_end ] --END-- [ RunTime:0.002187s ]

[ 2017-03-14T23:59:42+08:00 ] ::1 /bishe/Home/Index/publishing.html
INFO: [ app_init ] --START--
INFO: Run Behavior\BuildLiteBehavior [ RunTime:0.000038s ]
INFO: [ app_init ] --END-- [ RunTime:0.001487s ]
INFO: [ app_begin ] --START--
INFO: Run Behavior\ReadHtmlCacheBehavior [ RunTime:0.002629s ]
INFO: [ app_begin ] --END-- [ RunTime:0.002890s ]
SQL: SHOW COLUMNS FROM `pstest` [ RunTime:0.0424s ]
NOTIC: [2] call_user_func() expects parameter 1 to be a valid callback, no array or string given D:\Program Files\wamp\www\bishe\ThinkPHP\Library\Think\Upload.class.php 第 170 行.
NOTIC: [8] Undefined index: validate D:\Program Files\wamp\www\bishe\ThinkPHP\Library\Think\Model.class.php 第 1185 行.
NOTIC: [8] Undefined index: auto D:\Program Files\wamp\www\bishe\ThinkPHP\Library\Think\Model.class.php 第 1128 行.

