[ 2017-03-10T15:37:55+08:00 ] 127.0.0.1 /bishe/Home/Personal/upload_headpho.html
INFO: [ app_init ] --START--
INFO: Run Behavior\BuildLiteBehavior [ RunTime:0.000041s ]
INFO: [ app_init ] --END-- [ RunTime:0.004061s ]
INFO: [ app_begin ] --START--
INFO: Run Behavior\ReadHtmlCacheBehavior [ RunTime:0.001903s ]
INFO: [ app_begin ] --END-- [ RunTime:0.002118s ]
SQL: SELECT * FROM client_user WHERE user_name ='baichi' [ RunTime:0.0137s ]
SQL: SHOW COLUMNS FROM `client_user` [ RunTime:0.0043s ]
SQL: SELECT * FROM `client_user` WHERE ( `user_name`='baichi' ) LIMIT 1   [ RunTime:0.0003s ]
INFO: [ view_parse ] --START--
INFO: [ template_filter ] --START--
INFO: Run Behavior\ContentReplaceBehavior [ RunTime:0.000140s ]
INFO: [ template_filter ] --END-- [ RunTime:0.000277s ]
INFO: Run Behavior\ParseTemplateBehavior [ RunTime:0.023656s ]
INFO: [ view_parse ] --END-- [ RunTime:0.023792s ]
INFO: [ view_filter ] --START--
INFO: Run Behavior\WriteHtmlCacheBehavior [ RunTime:0.000866s ]
INFO: [ view_filter ] --END-- [ RunTime:0.000985s ]
INFO: [ app_end ] --START--
INFO: Run Behavior\ShowPageTraceBehavior [ RunTime:0.001468s ]
INFO: [ app_end ] --END-- [ RunTime:0.001640s ]

[ 2017-03-10T15:38:01+08:00 ] 127.0.0.1 /bishe/Home/Personal
INFO: [ app_init ] --START--
INFO: Run Behavior\BuildLiteBehavior [ RunTime:0.000025s ]
INFO: [ app_init ] --END-- [ RunTime:0.007260s ]
INFO: [ app_begin ] --START--
INFO: Run Behavior\ReadHtmlCacheBehavior [ RunTime:0.000760s ]
INFO: [ app_begin ] --END-- [ RunTime:0.000900s ]
SQL: SELECT * FROM client_user WHERE user_name ='baichi' [ RunTime:0.0004s ]
SQL: SELECT email_address FROM client_user WHERE user_name ='baichi' [ RunTime:0.0002s ]
SQL: SHOW COLUMNS FROM `news` [ RunTime:0.0063s ]
SQL: SHOW COLUMNS FROM `news_take` [ RunTime:0.0131s ]
NOTIC: [8] Undefined variable: start_index H:\wamp\www\bishe\Application\Home\Controller\PersonalController.class.php 第 22 行.
NOTIC: [8] Undefined variable: page_count H:\wamp\www\bishe\Application\Home\Controller\PersonalController.class.php 第 22 行.
SQL: SELECT n.id as nid,`title`,`name`,`sort_name`,`img`,`date` FROM news n INNER JOIN author ON author_id=author.id INNER JOIN news_sort ON sort_ename=news_sort.e_name  WHERE ( uid=10 ) ORDER BY date desc  [ RunTime:0.0119s ]
SQL: SELECT * FROM `news_take` WHERE ( uid=10 )  [ RunTime:0.0002s ]
INFO: [ view_parse ] --START--
INFO: [ template_filter ] --START--
INFO: Run Behavior\ContentReplaceBehavior [ RunTime:0.000194s ]
INFO: [ template_filter ] --END-- [ RunTime:0.000369s ]
INFO: Run Behavior\ParseTemplateBehavior [ RunTime:0.024321s ]
INFO: [ view_parse ] --END-- [ RunTime:0.024449s ]
INFO: [ view_filter ] --START--
INFO: Run Behavior\WriteHtmlCacheBehavior [ RunTime:0.000344s ]
INFO: [ view_filter ] --END-- [ RunTime:0.000458s ]
INFO: [ app_end ] --START--
INFO: Run Behavior\ShowPageTraceBehavior [ RunTime:0.000626s ]
INFO: [ app_end ] --END-- [ RunTime:0.000886s ]

[ 2017-03-10T15:38:05+08:00 ] 127.0.0.1 /bishe/Home/Personal/edit_message
INFO: [ app_init ] --START--
INFO: Run Behavior\BuildLiteBehavior [ RunTime:0.000024s ]
INFO: [ app_init ] --END-- [ RunTime:0.000409s ]
INFO: [ app_begin ] --START--
INFO: Run Behavior\ReadHtmlCacheBehavior [ RunTime:0.000582s ]
INFO: [ app_begin ] --END-- [ RunTime:0.000697s ]
SQL: SELECT * FROM client_user WHERE user_name ='baichi' [ RunTime:0.0068s ]
SQL: SELECT email_address FROM client_user WHERE user_name ='baichi' [ RunTime:0.0003s ]
SQL: SHOW COLUMNS FROM `client_user` [ RunTime:0.0027s ]
SQL: SELECT * FROM `client_user` WHERE ( `user_name`='baichi' ) LIMIT 1   [ RunTime:0.0003s ]
INFO: [ view_parse ] --START--
INFO: [ template_filter ] --START--
INFO: Run Behavior\ContentReplaceBehavior [ RunTime:0.000136s ]
INFO: [ template_filter ] --END-- [ RunTime:0.000283s ]
INFO: Run Behavior\ParseTemplateBehavior [ RunTime:0.016004s ]
INFO: [ view_parse ] --END-- [ RunTime:0.016128s ]
INFO: [ view_filter ] --START--
INFO: Run Behavior\WriteHtmlCacheBehavior [ RunTime:0.000265s ]
INFO: [ view_filter ] --END-- [ RunTime:0.000365s ]
INFO: [ app_end ] --START--
INFO: Run Behavior\ShowPageTraceBehavior [ RunTime:0.000519s ]
INFO: [ app_end ] --END-- [ RunTime:0.000622s ]

[ 2017-03-10T15:51:24+08:00 ] 127.0.0.1 /bishe/Home/Personal
INFO: [ app_init ] --START--
INFO: Run Behavior\BuildLiteBehavior [ RunTime:0.000039s ]
INFO: [ app_init ] --END-- [ RunTime:0.000518s ]
INFO: [ app_begin ] --START--
INFO: Run Behavior\ReadHtmlCacheBehavior [ RunTime:0.001262s ]
INFO: [ app_begin ] --END-- [ RunTime:0.001470s ]
SQL: SELECT * FROM client_user WHERE user_name ='baichi' [ RunTime:0.0008s ]
SQL: SELECT email_address FROM client_user WHERE user_name ='baichi' [ RunTime:0.0003s ]
SQL: SHOW COLUMNS FROM `news` [ RunTime:0.0040s ]
SQL: SHOW COLUMNS FROM `news_take` [ RunTime:0.0050s ]
NOTIC: [8] Undefined variable: start_index H:\wamp\www\bishe\Application\Home\Controller\PersonalController.class.php 第 22 行.
NOTIC: [8] Undefined variable: page_count H:\wamp\www\bishe\Application\Home\Controller\PersonalController.class.php 第 22 行.
SQL: SELECT n.id as nid,`title`,`name`,`sort_name`,`img`,`date` FROM news n INNER JOIN author ON author_id=author.id INNER JOIN news_sort ON sort_ename=news_sort.e_name  WHERE ( uid=10 ) ORDER BY date desc  [ RunTime:0.0020s ]
SQL: SELECT * FROM `news_take` WHERE ( uid=10 )  [ RunTime:0.0005s ]
INFO: [ view_parse ] --START--
INFO: [ template_filter ] --START--
INFO: Run Behavior\ContentReplaceBehavior [ RunTime:0.000348s ]
INFO: [ template_filter ] --END-- [ RunTime:0.000661s ]
INFO: Run Behavior\ParseTemplateBehavior [ RunTime:0.016229s ]
INFO: [ view_parse ] --END-- [ RunTime:0.016389s ]
INFO: [ view_filter ] --START--
INFO: Run Behavior\WriteHtmlCacheBehavior [ RunTime:0.000348s ]
INFO: [ view_filter ] --END-- [ RunTime:0.000457s ]
INFO: [ app_end ] --START--
INFO: Run Behavior\ShowPageTraceBehavior [ RunTime:0.000604s ]
INFO: [ app_end ] --END-- [ RunTime:0.000720s ]

[ 2017-03-10T15:51:29+08:00 ] 127.0.0.1 /bishe/Home/Personal/edit_message
INFO: [ app_init ] --START--
INFO: Run Behavior\BuildLiteBehavior [ RunTime:0.000026s ]
INFO: [ app_init ] --END-- [ RunTime:0.000424s ]
INFO: [ app_begin ] --START--
INFO: Run Behavior\ReadHtmlCacheBehavior [ RunTime:0.000713s ]
INFO: [ app_begin ] --END-- [ RunTime:0.000866s ]
SQL: SELECT * FROM client_user WHERE user_name ='baichi' [ RunTime:0.0009s ]
SQL: SELECT email_address FROM client_user WHERE user_name ='baichi' [ RunTime:0.0002s ]
SQL: SHOW COLUMNS FROM `client_user` [ RunTime:0.0024s ]
SQL: SELECT * FROM `client_user` WHERE ( `user_name`='baichi' ) LIMIT 1   [ RunTime:0.0003s ]
INFO: [ view_parse ] --START--
INFO: [ template_filter ] --START--
INFO: Run Behavior\ContentReplaceBehavior [ RunTime:0.000188s ]
INFO: [ template_filter ] --END-- [ RunTime:0.000363s ]
INFO: Run Behavior\ParseTemplateBehavior [ RunTime:0.019814s ]
INFO: [ view_parse ] --END-- [ RunTime:0.019943s ]
INFO: [ view_filter ] --START--
INFO: Run Behavior\WriteHtmlCacheBehavior [ RunTime:0.000322s ]
INFO: [ view_filter ] --END-- [ RunTime:0.000428s ]
INFO: [ app_end ] --START--
INFO: Run Behavior\ShowPageTraceBehavior [ RunTime:0.000489s ]
INFO: [ app_end ] --END-- [ RunTime:0.000597s ]

[ 2017-03-10T15:53:33+08:00 ] 127.0.0.1 /bishe/Home/Personal/edit_message
INFO: [ app_init ] --START--
INFO: Run Behavior\BuildLiteBehavior [ RunTime:0.000036s ]
INFO: [ app_init ] --END-- [ RunTime:0.000632s ]
INFO: [ app_begin ] --START--
INFO: Run Behavior\ReadHtmlCacheBehavior [ RunTime:0.000611s ]
INFO: [ app_begin ] --END-- [ RunTime:0.000731s ]
SQL: SELECT * FROM client_user WHERE user_name ='baichi' [ RunTime:0.0007s ]
SQL: SELECT email_address FROM client_user WHERE user_name ='baichi' [ RunTime:0.0004s ]
SQL: SHOW COLUMNS FROM `client_user` [ RunTime:0.0048s ]
SQL: SELECT * FROM `client_user` WHERE ( `user_name`='baichi' ) LIMIT 1   [ RunTime:0.0003s ]
INFO: [ view_parse ] --START--
INFO: [ template_filter ] --START--
INFO: Run Behavior\ContentReplaceBehavior [ RunTime:0.000134s ]
INFO: [ template_filter ] --END-- [ RunTime:0.000257s ]
INFO: Run Behavior\ParseTemplateBehavior [ RunTime:0.011511s ]
INFO: [ view_parse ] --END-- [ RunTime:0.011636s ]
INFO: [ view_filter ] --START--
INFO: Run Behavior\WriteHtmlCacheBehavior [ RunTime:0.000368s ]
INFO: [ view_filter ] --END-- [ RunTime:0.000473s ]
INFO: [ app_end ] --START--
INFO: Run Behavior\ShowPageTraceBehavior [ RunTime:0.001877s ]
INFO: [ app_end ] --END-- [ RunTime:0.002159s ]

[ 2017-03-10T15:54:20+08:00 ] 127.0.0.1 /bishe/Home/Personal/edit_message
INFO: [ app_init ] --START--
INFO: Run Behavior\BuildLiteBehavior [ RunTime:0.000024s ]
INFO: [ app_init ] --END-- [ RunTime:0.000389s ]
INFO: [ app_begin ] --START--
INFO: Run Behavior\ReadHtmlCacheBehavior [ RunTime:0.000524s ]
INFO: [ app_begin ] --END-- [ RunTime:0.000637s ]
SQL: SELECT * FROM client_user WHERE user_name ='baichi' [ RunTime:0.0004s ]
SQL: SELECT email_address FROM client_user WHERE user_name ='baichi' [ RunTime:0.0002s ]
SQL: SHOW COLUMNS FROM `client_user` [ RunTime:0.0026s ]
SQL: SELECT * FROM `client_user` WHERE ( `user_name`='baichi' ) LIMIT 1   [ RunTime:0.0003s ]
INFO: [ view_parse ] --START--
INFO: [ template_filter ] --START--
INFO: Run Behavior\ContentReplaceBehavior [ RunTime:0.000149s ]
INFO: [ template_filter ] --END-- [ RunTime:0.000292s ]
INFO: Run Behavior\ParseTemplateBehavior [ RunTime:0.014912s ]
INFO: [ view_parse ] --END-- [ RunTime:0.015177s ]
INFO: [ view_filter ] --START--
INFO: Run Behavior\WriteHtmlCacheBehavior [ RunTime:0.001493s ]
INFO: [ view_filter ] --END-- [ RunTime:0.002124s ]
INFO: [ app_end ] --START--
INFO: Run Behavior\ShowPageTraceBehavior [ RunTime:0.001190s ]
INFO: [ app_end ] --END-- [ RunTime:0.001441s ]

[ 2017-03-10T15:54:24+08:00 ] 127.0.0.1 /bishe/Home/Personal/edit_message
INFO: [ app_init ] --START--
INFO: Run Behavior\BuildLiteBehavior [ RunTime:0.000025s ]
INFO: [ app_init ] --END-- [ RunTime:0.000395s ]
INFO: [ app_begin ] --START--
INFO: Run Behavior\ReadHtmlCacheBehavior [ RunTime:0.000680s ]
INFO: [ app_begin ] --END-- [ RunTime:0.000840s ]
SQL: SELECT * FROM client_user WHERE user_name ='baichi' [ RunTime:0.0004s ]
SQL: SELECT email_address FROM client_user WHERE user_name ='baichi' [ RunTime:0.0002s ]
SQL: SHOW COLUMNS FROM `client_user` [ RunTime:0.0028s ]
SQL: SELECT * FROM `client_user` WHERE ( `user_name`='baichi' ) LIMIT 1   [ RunTime:0.0003s ]
INFO: [ view_parse ] --START--
INFO: [ template_filter ] --START--
INFO: Run Behavior\ContentReplaceBehavior [ RunTime:0.000269s ]
INFO: [ template_filter ] --END-- [ RunTime:0.000575s ]
INFO: Run Behavior\ParseTemplateBehavior [ RunTime:0.019259s ]
INFO: [ view_parse ] --END-- [ RunTime:0.019400s ]
INFO: [ view_filter ] --START--
INFO: Run Behavior\WriteHtmlCacheBehavior [ RunTime:0.001418s ]
INFO: [ view_filter ] --END-- [ RunTime:0.001565s ]
INFO: [ app_end ] --START--
INFO: Run Behavior\ShowPageTraceBehavior [ RunTime:0.000807s ]
INFO: [ app_end ] --END-- [ RunTime:0.000955s ]

[ 2017-03-10T15:54:52+08:00 ] 127.0.0.1 /bishe/Home/Personal/edit_message
INFO: [ app_init ] --START--
INFO: Run Behavior\BuildLiteBehavior [ RunTime:0.000025s ]
INFO: [ app_init ] --END-- [ RunTime:0.000405s ]
INFO: [ app_begin ] --START--
INFO: Run Behavior\ReadHtmlCacheBehavior [ RunTime:0.000474s ]
INFO: [ app_begin ] --END-- [ RunTime:0.000588s ]
SQL: SELECT * FROM client_user WHERE user_name ='baichi' [ RunTime:0.0005s ]
SQL: SELECT email_address FROM client_user WHERE user_name ='baichi' [ RunTime:0.0002s ]
SQL: SHOW COLUMNS FROM `client_user` [ RunTime:0.0031s ]
SQL: SELECT * FROM `client_user` WHERE ( `user_name`='baichi' ) LIMIT 1   [ RunTime:0.0028s ]
INFO: [ view_parse ] --START--
INFO: [ template_filter ] --START--
INFO: Run Behavior\ContentReplaceBehavior [ RunTime:0.000135s ]
INFO: [ template_filter ] --END-- [ RunTime:0.000265s ]
INFO: Run Behavior\ParseTemplateBehavior [ RunTime:0.012921s ]
INFO: [ view_parse ] --END-- [ RunTime:0.013132s ]
INFO: [ view_filter ] --START--
INFO: Run Behavior\WriteHtmlCacheBehavior [ RunTime:0.003845s ]
INFO: [ view_filter ] --END-- [ RunTime:0.004365s ]
INFO: [ app_end ] --START--
INFO: Run Behavior\ShowPageTraceBehavior [ RunTime:0.000892s ]
INFO: [ app_end ] --END-- [ RunTime:0.001072s ]

[ 2017-03-10T15:54:55+08:00 ] 127.0.0.1 /bishe/Home/Personal/edit_message
INFO: [ app_init ] --START--
INFO: Run Behavior\BuildLiteBehavior [ RunTime:0.001275s ]
INFO: [ app_init ] --END-- [ RunTime:0.002012s ]
INFO: [ app_begin ] --START--
INFO: Run Behavior\ReadHtmlCacheBehavior [ RunTime:0.000705s ]
INFO: [ app_begin ] --END-- [ RunTime:0.000867s ]
SQL: SELECT * FROM client_user WHERE user_name ='baichi' [ RunTime:0.0004s ]
SQL: SELECT email_address FROM client_user WHERE user_name ='baichi' [ RunTime:0.0002s ]
SQL: SHOW COLUMNS FROM `client_user` [ RunTime:0.0058s ]
SQL: SELECT * FROM `client_user` WHERE ( `user_name`='baichi' ) LIMIT 1   [ RunTime:0.0005s ]
INFO: [ view_parse ] --START--
INFO: [ template_filter ] --START--
INFO: Run Behavior\ContentReplaceBehavior [ RunTime:0.000167s ]
INFO: [ template_filter ] --END-- [ RunTime:0.000318s ]
INFO: Run Behavior\ParseTemplateBehavior [ RunTime:0.018323s ]
INFO: [ view_parse ] --END-- [ RunTime:0.018465s ]
INFO: [ view_filter ] --START--
INFO: Run Behavior\WriteHtmlCacheBehavior [ RunTime:0.000270s ]
INFO: [ view_filter ] --END-- [ RunTime:0.000372s ]
INFO: [ app_end ] --START--
INFO: Run Behavior\ShowPageTraceBehavior [ RunTime:0.000528s ]
INFO: [ app_end ] --END-- [ RunTime:0.000633s ]

[ 2017-03-10T16:00:52+08:00 ] 127.0.0.1 /bishe/Home/Personal/edit_message
INFO: [ app_init ] --START--
INFO: Run Behavior\BuildLiteBehavior [ RunTime:0.000035s ]
INFO: [ app_init ] --END-- [ RunTime:0.000605s ]
INFO: [ app_begin ] --START--
INFO: Run Behavior\ReadHtmlCacheBehavior [ RunTime:0.000820s ]
INFO: [ app_begin ] --END-- [ RunTime:0.000972s ]
SQL: SELECT * FROM client_user WHERE user_name ='baichi' [ RunTime:0.0007s ]
SQL: SELECT email_address FROM client_user WHERE user_name ='baichi' [ RunTime:0.0002s ]
SQL: SHOW COLUMNS FROM `client_user` [ RunTime:0.0032s ]
SQL: SELECT * FROM `client_user` WHERE ( `user_name`='baichi' ) LIMIT 1   [ RunTime:0.0003s ]
INFO: [ view_parse ] --START--
INFO: [ template_filter ] --START--
INFO: Run Behavior\ContentReplaceBehavior [ RunTime:0.000276s ]
INFO: [ template_filter ] --END-- [ RunTime:0.000716s ]
INFO: Run Behavior\ParseTemplateBehavior [ RunTime:0.016130s ]
INFO: [ view_parse ] --END-- [ RunTime:0.016369s ]
INFO: [ view_filter ] --START--
INFO: Run Behavior\WriteHtmlCacheBehavior [ RunTime:0.001714s ]
INFO: [ view_filter ] --END-- [ RunTime:0.001931s ]
INFO: [ app_end ] --START--
INFO: Run Behavior\ShowPageTraceBehavior [ RunTime:0.000985s ]
INFO: [ app_end ] --END-- [ RunTime:0.001135s ]

[ 2017-03-10T16:00:55+08:00 ] 127.0.0.1 /bishe/Home/Personal/upload_headpho.html
INFO: [ app_init ] --START--
INFO: Run Behavior\BuildLiteBehavior [ RunTime:0.000025s ]
INFO: [ app_init ] --END-- [ RunTime:0.000414s ]
INFO: [ app_begin ] --START--
INFO: Run Behavior\ReadHtmlCacheBehavior [ RunTime:0.000637s ]
INFO: [ app_begin ] --END-- [ RunTime:0.000768s ]
SQL: SELECT * FROM client_user WHERE user_name ='baichi' [ RunTime:0.0004s ]
SQL: SHOW COLUMNS FROM `client_user` [ RunTime:0.0058s ]
SQL: SELECT * FROM `client_user` WHERE ( `user_name`='baichi' ) LIMIT 1   [ RunTime:0.0017s ]
INFO: [ view_parse ] --START--
INFO: [ template_filter ] --START--
INFO: Run Behavior\ContentReplaceBehavior [ RunTime:0.000245s ]
INFO: [ template_filter ] --END-- [ RunTime:0.000724s ]
INFO: Run Behavior\ParseTemplateBehavior [ RunTime:0.018233s ]
INFO: [ view_parse ] --END-- [ RunTime:0.018422s ]
INFO: [ view_filter ] --START--
INFO: Run Behavior\WriteHtmlCacheBehavior [ RunTime:0.000412s ]
INFO: [ view_filter ] --END-- [ RunTime:0.000601s ]
INFO: [ app_end ] --START--
INFO: Run Behavior\ShowPageTraceBehavior [ RunTime:0.000714s ]
INFO: [ app_end ] --END-- [ RunTime:0.000861s ]

[ 2017-03-10T16:01:44+08:00 ] 127.0.0.1 /bishe/Home/Personal/upload_headpho.html
INFO: [ app_init ] --START--
INFO: Run Behavior\BuildLiteBehavior [ RunTime:0.000052s ]
INFO: [ app_init ] --END-- [ RunTime:0.000641s ]
INFO: [ app_begin ] --START--
INFO: Run Behavior\ReadHtmlCacheBehavior [ RunTime:0.000967s ]
INFO: [ app_begin ] --END-- [ RunTime:0.001219s ]
SQL: SELECT * FROM client_user WHERE user_name ='baichi' [ RunTime:0.0005s ]
SQL: SHOW COLUMNS FROM `client_user` [ RunTime:0.0028s ]
SQL: SELECT * FROM `client_user` WHERE ( `user_name`='baichi' ) LIMIT 1   [ RunTime:0.0003s ]
INFO: [ view_parse ] --START--
INFO: [ template_filter ] --START--
INFO: Run Behavior\ContentReplaceBehavior [ RunTime:0.000220s ]
INFO: [ template_filter ] --END-- [ RunTime:0.000437s ]
INFO: Run Behavior\ParseTemplateBehavior [ RunTime:0.014677s ]
INFO: [ view_parse ] --END-- [ RunTime:0.014847s ]
INFO: [ view_filter ] --START--
INFO: Run Behavior\WriteHtmlCacheBehavior [ RunTime:0.000317s ]
INFO: [ view_filter ] --END-- [ RunTime:0.000422s ]
INFO: [ app_end ] --START--
INFO: Run Behavior\ShowPageTraceBehavior [ RunTime:0.000515s ]
INFO: [ app_end ] --END-- [ RunTime:0.000625s ]

[ 2017-03-10T16:02:33+08:00 ] 127.0.0.1 /bishe/Home/Personal/upload_headpho.html
INFO: [ app_init ] --START--
INFO: Run Behavior\BuildLiteBehavior [ RunTime:0.000025s ]
INFO: [ app_init ] --END-- [ RunTime:0.000395s ]
INFO: [ app_begin ] --START--
INFO: Run Behavior\ReadHtmlCacheBehavior [ RunTime:0.003246s ]
INFO: [ app_begin ] --END-- [ RunTime:0.003408s ]
SQL: SELECT * FROM client_user WHERE user_name ='baichi' [ RunTime:0.0005s ]
SQL: SHOW COLUMNS FROM `client_user` [ RunTime:0.0035s ]
SQL: SELECT * FROM `client_user` WHERE ( `user_name`='baichi' ) LIMIT 1   [ RunTime:0.0003s ]
INFO: [ view_parse ] --START--
INFO: [ template_filter ] --START--
INFO: Run Behavior\ContentReplaceBehavior [ RunTime:0.000182s ]
INFO: [ template_filter ] --END-- [ RunTime:0.000329s ]
INFO: Run Behavior\ParseTemplateBehavior [ RunTime:0.012780s ]
INFO: [ view_parse ] --END-- [ RunTime:0.012900s ]
INFO: [ view_filter ] --START--
INFO: Run Behavior\WriteHtmlCacheBehavior [ RunTime:0.000448s ]
INFO: [ view_filter ] --END-- [ RunTime:0.000566s ]
INFO: [ app_end ] --START--
INFO: Run Behavior\ShowPageTraceBehavior [ RunTime:0.000645s ]
INFO: [ app_end ] --END-- [ RunTime:0.000778s ]

[ 2017-03-10T16:02:39+08:00 ] 127.0.0.1 /bishe/Home/Personal/update.html
INFO: [ app_init ] --START--
INFO: Run Behavior\BuildLiteBehavior [ RunTime:0.000202s ]
INFO: [ app_init ] --END-- [ RunTime:0.000675s ]
INFO: [ app_begin ] --START--
INFO: Run Behavior\ReadHtmlCacheBehavior [ RunTime:0.000925s ]
INFO: [ app_begin ] --END-- [ RunTime:0.001150s ]
SQL: SHOW COLUMNS FROM `client_user` [ RunTime:0.0027s ]
NOTIC: [2] call_user_func() expects parameter 1 to be a valid callback, no array or string given H:\wamp\www\bishe\ThinkPHP\Library\Think\Upload.class.php 第 170 行.
SQL: UPDATE `client_user` SET `user_name`='baichi',`head_photo`='/Uploads/head_logo/2017-03-10/58c25d9f17d6a.jpg' WHERE ( `user_name`='baichi' ) [ RunTime:0.0633s ]
INFO: [ view_parse ] --START--
INFO: [ template_filter ] --START--
INFO: Run Behavior\ContentReplaceBehavior [ RunTime:0.000087s ]
INFO: [ template_filter ] --END-- [ RunTime:0.000355s ]
INFO: Run Behavior\ParseTemplateBehavior [ RunTime:0.012172s ]
INFO: [ view_parse ] --END-- [ RunTime:0.012338s ]
INFO: [ view_filter ] --START--
INFO: Run Behavior\WriteHtmlCacheBehavior [ RunTime:0.000696s ]
INFO: [ view_filter ] --END-- [ RunTime:0.000809s ]
INFO: [ app_end ] --START--
INFO: Run Behavior\ShowPageTraceBehavior [ RunTime:0.000971s ]
INFO: [ app_end ] --END-- [ RunTime:0.001084s ]

[ 2017-03-10T16:02:40+08:00 ] 127.0.0.1 /bishe/Home/Personal/upload_headpho.html
INFO: [ app_init ] --START--
INFO: Run Behavior\BuildLiteBehavior [ RunTime:0.000025s ]
INFO: [ app_init ] --END-- [ RunTime:0.000542s ]
INFO: [ app_begin ] --START--
INFO: Run Behavior\ReadHtmlCacheBehavior [ RunTime:0.001406s ]
INFO: [ app_begin ] --END-- [ RunTime:0.001590s ]
SQL: SELECT * FROM client_user WHERE user_name ='baichi' [ RunTime:0.0003s ]
SQL: SHOW COLUMNS FROM `client_user` [ RunTime:0.0075s ]
SQL: SELECT * FROM `client_user` WHERE ( `user_name`='baichi' ) LIMIT 1   [ RunTime:0.0004s ]
INFO: [ view_parse ] --START--
INFO: [ template_filter ] --START--
INFO: Run Behavior\ContentReplaceBehavior [ RunTime:0.000145s ]
INFO: [ template_filter ] --END-- [ RunTime:0.000351s ]
INFO: Run Behavior\ParseTemplateBehavior [ RunTime:0.013568s ]
INFO: [ view_parse ] --END-- [ RunTime:0.013720s ]
INFO: [ view_filter ] --START--
INFO: Run Behavior\WriteHtmlCacheBehavior [ RunTime:0.000778s ]
INFO: [ view_filter ] --END-- [ RunTime:0.000894s ]
INFO: [ app_end ] --START--
INFO: Run Behavior\ShowPageTraceBehavior [ RunTime:0.001140s ]
INFO: [ app_end ] --END-- [ RunTime:0.001274s ]

[ 2017-03-10T16:03:40+08:00 ] 127.0.0.1 /bishe/Home/Personal/upload_headpho.html
INFO: [ app_init ] --START--
INFO: Run Behavior\BuildLiteBehavior [ RunTime:0.000026s ]
INFO: [ app_init ] --END-- [ RunTime:0.000449s ]
INFO: [ app_begin ] --START--
INFO: Run Behavior\ReadHtmlCacheBehavior [ RunTime:0.000711s ]
INFO: [ app_begin ] --END-- [ RunTime:0.000825s ]
SQL: SELECT * FROM client_user WHERE user_name ='baichi' [ RunTime:0.0004s ]
SQL: SHOW COLUMNS FROM `client_user` [ RunTime:0.0025s ]
SQL: SELECT * FROM `client_user` WHERE ( `user_name`='baichi' ) LIMIT 1   [ RunTime:0.0003s ]
INFO: [ view_parse ] --START--
INFO: [ template_filter ] --START--
INFO: Run Behavior\ContentReplaceBehavior [ RunTime:0.000504s ]
INFO: [ template_filter ] --END-- [ RunTime:0.000851s ]
INFO: Run Behavior\ParseTemplateBehavior [ RunTime:0.016715s ]
INFO: [ view_parse ] --END-- [ RunTime:0.016855s ]
INFO: [ view_filter ] --START--
INFO: Run Behavior\WriteHtmlCacheBehavior [ RunTime:0.000538s ]
INFO: [ view_filter ] --END-- [ RunTime:0.000645s ]
INFO: [ app_end ] --START--
INFO: Run Behavior\ShowPageTraceBehavior [ RunTime:0.000727s ]
INFO: [ app_end ] --END-- [ RunTime:0.000837s ]

[ 2017-03-10T16:03:43+08:00 ] 127.0.0.1 /bishe/Home/Personal/update.html
INFO: [ app_init ] --START--
INFO: Run Behavior\BuildLiteBehavior [ RunTime:0.000042s ]
INFO: [ app_init ] --END-- [ RunTime:0.004863s ]
INFO: [ app_begin ] --START--
INFO: Run Behavior\ReadHtmlCacheBehavior [ RunTime:0.000970s ]
INFO: [ app_begin ] --END-- [ RunTime:0.001134s ]
SQL: SHOW COLUMNS FROM `client_user` [ RunTime:0.0034s ]
INFO: [ view_parse ] --START--
INFO: [ template_filter ] --START--
INFO: Run Behavior\ContentReplaceBehavior [ RunTime:0.000099s ]
INFO: [ template_filter ] --END-- [ RunTime:0.000277s ]
INFO: Run Behavior\ParseTemplateBehavior [ RunTime:0.047386s ]
INFO: [ view_parse ] --END-- [ RunTime:0.047525s ]
INFO: [ view_filter ] --START--
INFO: Run Behavior\WriteHtmlCacheBehavior [ RunTime:0.000486s ]
INFO: [ view_filter ] --END-- [ RunTime:0.000595s ]

[ 2017-03-10T16:03:47+08:00 ] 127.0.0.1 /bishe/Home/Personal/upload_headpho.html
INFO: [ app_init ] --START--
INFO: Run Behavior\BuildLiteBehavior [ RunTime:0.000063s ]
INFO: [ app_init ] --END-- [ RunTime:0.001471s ]
INFO: [ app_begin ] --START--
INFO: Run Behavior\ReadHtmlCacheBehavior [ RunTime:0.001317s ]
INFO: [ app_begin ] --END-- [ RunTime:0.001788s ]
SQL: SELECT * FROM client_user WHERE user_name ='baichi' [ RunTime:0.0024s ]
SQL: SHOW COLUMNS FROM `client_user` [ RunTime:0.0035s ]
SQL: SELECT * FROM `client_user` WHERE ( `user_name`='baichi' ) LIMIT 1   [ RunTime:0.0004s ]
INFO: [ view_parse ] --START--
INFO: [ template_filter ] --START--
INFO: Run Behavior\ContentReplaceBehavior [ RunTime:0.000271s ]
INFO: [ template_filter ] --END-- [ RunTime:0.000437s ]
INFO: Run Behavior\ParseTemplateBehavior [ RunTime:0.018436s ]
INFO: [ view_parse ] --END-- [ RunTime:0.018702s ]
INFO: [ view_filter ] --START--
INFO: Run Behavior\WriteHtmlCacheBehavior [ RunTime:0.000535s ]
INFO: [ view_filter ] --END-- [ RunTime:0.000641s ]
INFO: [ app_end ] --START--
INFO: Run Behavior\ShowPageTraceBehavior [ RunTime:0.000753s ]
INFO: [ app_end ] --END-- [ RunTime:0.000883s ]

[ 2017-03-10T16:19:15+08:00 ] 127.0.0.1 /bishe/Home/Personal/upload_headpho.html
INFO: [ app_init ] --START--
INFO: Run Behavior\BuildLiteBehavior [ RunTime:0.000031s ]
INFO: [ app_init ] --END-- [ RunTime:0.000773s ]
INFO: [ app_begin ] --START--
INFO: Run Behavior\ReadHtmlCacheBehavior [ RunTime:0.000901s ]
INFO: [ app_begin ] --END-- [ RunTime:0.001027s ]
SQL: SELECT * FROM client_user WHERE user_name ='baichi' [ RunTime:0.0008s ]
SQL: SHOW COLUMNS FROM `client_user` [ RunTime:0.0042s ]
SQL: SELECT * FROM `client_user` WHERE ( `user_name`='baichi' ) LIMIT 1   [ RunTime:0.0009s ]
INFO: [ view_parse ] --START--
INFO: [ template_filter ] --START--
INFO: Run Behavior\ContentReplaceBehavior [ RunTime:0.000130s ]
INFO: [ template_filter ] --END-- [ RunTime:0.000253s ]
INFO: Run Behavior\ParseTemplateBehavior [ RunTime:0.013144s ]
INFO: [ view_parse ] --END-- [ RunTime:0.013296s ]
INFO: [ view_filter ] --START--
INFO: Run Behavior\WriteHtmlCacheBehavior [ RunTime:0.000517s ]
INFO: [ view_filter ] --END-- [ RunTime:0.000618s ]
INFO: [ app_end ] --START--
INFO: Run Behavior\ShowPageTraceBehavior [ RunTime:0.000712s ]
INFO: [ app_end ] --END-- [ RunTime:0.000818s ]

[ 2017-03-10T16:19:26+08:00 ] 127.0.0.1 /bishe/Home/Personal/update.html
INFO: [ app_init ] --START--
INFO: Run Behavior\BuildLiteBehavior [ RunTime:0.000031s ]
INFO: [ app_init ] --END-- [ RunTime:0.000865s ]
INFO: [ app_begin ] --START--
INFO: Run Behavior\ReadHtmlCacheBehavior [ RunTime:0.001489s ]
INFO: [ app_begin ] --END-- [ RunTime:0.001718s ]
SQL: SHOW COLUMNS FROM `client_user` [ RunTime:0.0027s ]
NOTIC: [2] call_user_func() expects parameter 1 to be a valid callback, no array or string given H:\wamp\www\bishe\ThinkPHP\Library\Think\Upload.class.php 第 170 行.
SQL: UPDATE `client_user` SET `user_name`='baichi',`head_photo`='/Uploads/head_logo/2017-03-10/58c2618eb7b62.JPG' WHERE ( `user_name`='baichi' ) [ RunTime:0.0057s ]
INFO: [ view_parse ] --START--
INFO: [ template_filter ] --START--
INFO: Run Behavior\ContentReplaceBehavior [ RunTime:0.000072s ]
INFO: [ template_filter ] --END-- [ RunTime:0.000192s ]
INFO: Run Behavior\ParseTemplateBehavior [ RunTime:0.007262s ]
INFO: [ view_parse ] --END-- [ RunTime:0.007422s ]
INFO: [ view_filter ] --START--
INFO: Run Behavior\WriteHtmlCacheBehavior [ RunTime:0.000566s ]
INFO: [ view_filter ] --END-- [ RunTime:0.000673s ]
INFO: [ app_end ] --START--
INFO: Run Behavior\ShowPageTraceBehavior [ RunTime:0.000746s ]
INFO: [ app_end ] --END-- [ RunTime:0.000853s ]

[ 2017-03-10T16:19:27+08:00 ] 127.0.0.1 /bishe/Home/Personal/upload_headpho.html
INFO: [ app_init ] --START--
INFO: Run Behavior\BuildLiteBehavior [ RunTime:0.000026s ]
INFO: [ app_init ] --END-- [ RunTime:0.000434s ]
INFO: [ app_begin ] --START--
INFO: Run Behavior\ReadHtmlCacheBehavior [ RunTime:0.000712s ]
INFO: [ app_begin ] --END-- [ RunTime:0.000827s ]
SQL: SELECT * FROM client_user WHERE user_name ='baichi' [ RunTime:0.0003s ]
SQL: SHOW COLUMNS FROM `client_user` [ RunTime:0.0026s ]
SQL: SELECT * FROM `client_user` WHERE ( `user_name`='baichi' ) LIMIT 1   [ RunTime:0.0003s ]
INFO: [ view_parse ] --START--
INFO: [ template_filter ] --START--
INFO: Run Behavior\ContentReplaceBehavior [ RunTime:0.000128s ]
INFO: [ template_filter ] --END-- [ RunTime:0.000253s ]
INFO: Run Behavior\ParseTemplateBehavior [ RunTime:0.014221s ]
INFO: [ view_parse ] --END-- [ RunTime:0.014352s ]
INFO: [ view_filter ] --START--
INFO: Run Behavior\WriteHtmlCacheBehavior [ RunTime:0.000512s ]
INFO: [ view_filter ] --END-- [ RunTime:0.000613s ]
INFO: [ app_end ] --START--
INFO: Run Behavior\ShowPageTraceBehavior [ RunTime:0.000720s ]
INFO: [ app_end ] --END-- [ RunTime:0.000829s ]

[ 2017-03-10T16:19:40+08:00 ] 127.0.0.1 /bishe/Home/Personal/update.html
INFO: [ app_init ] --START--
INFO: Run Behavior\BuildLiteBehavior [ RunTime:0.000034s ]
INFO: [ app_init ] --END-- [ RunTime:0.001845s ]
INFO: [ app_begin ] --START--
INFO: Run Behavior\ReadHtmlCacheBehavior [ RunTime:0.000744s ]
INFO: [ app_begin ] --END-- [ RunTime:0.000868s ]
SQL: SHOW COLUMNS FROM `client_user` [ RunTime:0.0063s ]
INFO: [ view_parse ] --START--
INFO: [ template_filter ] --START--
INFO: Run Behavior\ContentReplaceBehavior [ RunTime:0.000087s ]
INFO: [ template_filter ] --END-- [ RunTime:0.000263s ]
INFO: Run Behavior\ParseTemplateBehavior [ RunTime:0.013042s ]
INFO: [ view_parse ] --END-- [ RunTime:0.013195s ]
INFO: [ view_filter ] --START--
INFO: Run Behavior\WriteHtmlCacheBehavior [ RunTime:0.000502s ]
INFO: [ view_filter ] --END-- [ RunTime:0.000616s ]

[ 2017-03-10T16:19:59+08:00 ] 127.0.0.1 /bishe/Home/Personal/update.html
INFO: [ app_init ] --START--
INFO: Run Behavior\BuildLiteBehavior [ RunTime:0.000026s ]
INFO: [ app_init ] --END-- [ RunTime:0.000479s ]
INFO: [ app_begin ] --START--
INFO: Run Behavior\ReadHtmlCacheBehavior [ RunTime:0.001132s ]
INFO: [ app_begin ] --END-- [ RunTime:0.001318s ]
SQL: SHOW COLUMNS FROM `client_user` [ RunTime:0.0034s ]
NOTIC: [2] call_user_func() expects parameter 1 to be a valid callback, no array or string given H:\wamp\www\bishe\ThinkPHP\Library\Think\Upload.class.php 第 170 行.
SQL: UPDATE `client_user` SET `user_name`='baichi',`head_photo`='/Uploads/head_logo/2017-03-10/58c261afd2a15.png' WHERE ( `user_name`='baichi' ) [ RunTime:0.0038s ]
INFO: [ view_parse ] --START--
INFO: [ template_filter ] --START--
INFO: Run Behavior\ContentReplaceBehavior [ RunTime:0.000071s ]
INFO: [ template_filter ] --END-- [ RunTime:0.000188s ]
INFO: Run Behavior\ParseTemplateBehavior [ RunTime:0.007185s ]
INFO: [ view_parse ] --END-- [ RunTime:0.007327s ]
INFO: [ view_filter ] --START--
INFO: Run Behavior\WriteHtmlCacheBehavior [ RunTime:0.000527s ]
INFO: [ view_filter ] --END-- [ RunTime:0.000633s ]
INFO: [ app_end ] --START--
INFO: Run Behavior\ShowPageTraceBehavior [ RunTime:0.000726s ]
INFO: [ app_end ] --END-- [ RunTime:0.000832s ]

[ 2017-03-10T16:20:01+08:00 ] 127.0.0.1 /bishe/Home/Personal/upload_headpho.html
INFO: [ app_init ] --START--
INFO: Run Behavior\BuildLiteBehavior [ RunTime:0.000026s ]
INFO: [ app_init ] --END-- [ RunTime:0.000430s ]
INFO: [ app_begin ] --START--
INFO: Run Behavior\ReadHtmlCacheBehavior [ RunTime:0.000708s ]
INFO: [ app_begin ] --END-- [ RunTime:0.000823s ]
SQL: SELECT * FROM client_user WHERE user_name ='baichi' [ RunTime:0.0003s ]
SQL: SHOW COLUMNS FROM `client_user` [ RunTime:0.0026s ]
SQL: SELECT * FROM `client_user` WHERE ( `user_name`='baichi' ) LIMIT 1   [ RunTime:0.0003s ]
INFO: [ view_parse ] --START--
INFO: [ template_filter ] --START--
INFO: Run Behavior\ContentReplaceBehavior [ RunTime:0.000173s ]
INFO: [ template_filter ] --END-- [ RunTime:0.000349s ]
INFO: Run Behavior\ParseTemplateBehavior [ RunTime:0.016603s ]
INFO: [ view_parse ] --END-- [ RunTime:0.016733s ]
INFO: [ view_filter ] --START--
INFO: Run Behavior\WriteHtmlCacheBehavior [ RunTime:0.000538s ]
INFO: [ view_filter ] --END-- [ RunTime:0.000642s ]
INFO: [ app_end ] --START--
INFO: Run Behavior\ShowPageTraceBehavior [ RunTime:0.000727s ]
INFO: [ app_end ] --END-- [ RunTime:0.000837s ]

[ 2017-03-10T16:25:18+08:00 ] 127.0.0.1 /bishe/Home/Personal/upload_headpho.html
INFO: [ app_init ] --START--
INFO: Run Behavior\BuildLiteBehavior [ RunTime:0.000026s ]
INFO: [ app_init ] --END-- [ RunTime:0.000441s ]
INFO: [ app_begin ] --START--
INFO: Run Behavior\ReadHtmlCacheBehavior [ RunTime:0.000721s ]
INFO: [ app_begin ] --END-- [ RunTime:0.000841s ]
SQL: SELECT * FROM client_user WHERE user_name ='baichi' [ RunTime:0.0005s ]
SQL: SHOW COLUMNS FROM `client_user` [ RunTime:0.0025s ]
SQL: SELECT * FROM `client_user` WHERE ( `user_name`='baichi' ) LIMIT 1   [ RunTime:0.0003s ]
INFO: [ view_parse ] --START--
INFO: [ template_filter ] --START--
INFO: Run Behavior\ContentReplaceBehavior [ RunTime:0.000132s ]
INFO: [ template_filter ] --END-- [ RunTime:0.000260s ]
INFO: Run Behavior\ParseTemplateBehavior [ RunTime:0.015439s ]
INFO: [ view_parse ] --END-- [ RunTime:0.015573s ]
INFO: [ view_filter ] --START--
INFO: Run Behavior\WriteHtmlCacheBehavior [ RunTime:0.000514s ]
INFO: [ view_filter ] --END-- [ RunTime:0.000627s ]
INFO: [ app_end ] --START--
INFO: Run Behavior\ShowPageTraceBehavior [ RunTime:0.000807s ]
INFO: [ app_end ] --END-- [ RunTime:0.000918s ]

[ 2017-03-10T16:25:26+08:00 ] 127.0.0.1 /bishe/Home/Personal/update.html
INFO: [ app_init ] --START--
INFO: Run Behavior\BuildLiteBehavior [ RunTime:0.000027s ]
INFO: [ app_init ] --END-- [ RunTime:0.000515s ]
INFO: [ app_begin ] --START--
INFO: Run Behavior\ReadHtmlCacheBehavior [ RunTime:0.000740s ]
INFO: [ app_begin ] --END-- [ RunTime:0.000856s ]
SQL: SHOW COLUMNS FROM `client_user` [ RunTime:0.0036s ]
NOTIC: [2] call_user_func() expects parameter 1 to be a valid callback, no array or string given H:\wamp\www\bishe\ThinkPHP\Library\Think\Upload.class.php 第 170 行.
SQL: UPDATE `client_user` SET `user_name`='baichi',`head_photo`='/Uploads/head_logo/2017-03-10/58c262f68f53d.jpg' WHERE ( `user_name`='baichi' ) [ RunTime:0.0150s ]
INFO: [ view_parse ] --START--
INFO: [ template_filter ] --START--
INFO: Run Behavior\ContentReplaceBehavior [ RunTime:0.000098s ]
INFO: [ template_filter ] --END-- [ RunTime:0.000274s ]
INFO: Run Behavior\ParseTemplateBehavior [ RunTime:0.030253s ]
INFO: [ view_parse ] --END-- [ RunTime:0.030398s ]
INFO: [ view_filter ] --START--
INFO: Run Behavior\WriteHtmlCacheBehavior [ RunTime:0.000597s ]
INFO: [ view_filter ] --END-- [ RunTime:0.000708s ]
INFO: [ app_end ] --START--
INFO: Run Behavior\ShowPageTraceBehavior [ RunTime:0.000783s ]
INFO: [ app_end ] --END-- [ RunTime:0.000893s ]

[ 2017-03-10T16:25:27+08:00 ] 127.0.0.1 /bishe/Home/Personal/upload_headpho.html
INFO: [ app_init ] --START--
INFO: Run Behavior\BuildLiteBehavior [ RunTime:0.000028s ]
INFO: [ app_init ] --END-- [ RunTime:0.000483s ]
INFO: [ app_begin ] --START--
INFO: Run Behavior\ReadHtmlCacheBehavior [ RunTime:0.000790s ]
INFO: [ app_begin ] --END-- [ RunTime:0.000917s ]
SQL: SELECT * FROM client_user WHERE user_name ='baichi' [ RunTime:0.0003s ]
SQL: SHOW COLUMNS FROM `client_user` [ RunTime:0.0029s ]
SQL: SELECT * FROM `client_user` WHERE ( `user_name`='baichi' ) LIMIT 1   [ RunTime:0.0003s ]
INFO: [ view_parse ] --START--
INFO: [ template_filter ] --START--
INFO: Run Behavior\ContentReplaceBehavior [ RunTime:0.000128s ]
INFO: [ template_filter ] --END-- [ RunTime:0.000258s ]
INFO: Run Behavior\ParseTemplateBehavior [ RunTime:0.014734s ]
INFO: [ view_parse ] --END-- [ RunTime:0.014892s ]
INFO: [ view_filter ] --START--
INFO: Run Behavior\WriteHtmlCacheBehavior [ RunTime:0.000618s ]
INFO: [ view_filter ] --END-- [ RunTime:0.000735s ]
INFO: [ app_end ] --START--
INFO: Run Behavior\ShowPageTraceBehavior [ RunTime:0.000805s ]
INFO: [ app_end ] --END-- [ RunTime:0.000924s ]

[ 2017-03-10T16:25:47+08:00 ] 127.0.0.1 /bishe/Home/Personal/index.html
INFO: [ app_init ] --START--
INFO: Run Behavior\BuildLiteBehavior [ RunTime:0.000026s ]
INFO: [ app_init ] --END-- [ RunTime:0.000481s ]
INFO: [ app_begin ] --START--
INFO: Run Behavior\ReadHtmlCacheBehavior [ RunTime:0.000742s ]
INFO: [ app_begin ] --END-- [ RunTime:0.000856s ]
SQL: SELECT * FROM client_user WHERE user_name ='baichi' [ RunTime:0.0007s ]
SQL: SELECT email_address FROM client_user WHERE user_name ='baichi' [ RunTime:0.0003s ]
SQL: SHOW COLUMNS FROM `news` [ RunTime:0.0030s ]
SQL: SHOW COLUMNS FROM `news_take` [ RunTime:0.0031s ]
NOTIC: [8] Undefined variable: start_index H:\wamp\www\bishe\Application\Home\Controller\PersonalController.class.php 第 22 行.
NOTIC: [8] Undefined variable: page_count H:\wamp\www\bishe\Application\Home\Controller\PersonalController.class.php 第 22 行.
SQL: SELECT n.id as nid,`title`,`name`,`sort_name`,`img`,`date` FROM news n INNER JOIN author ON author_id=author.id INNER JOIN news_sort ON sort_ename=news_sort.e_name  WHERE ( uid=10 ) ORDER BY date desc  [ RunTime:0.0011s ]
SQL: SELECT * FROM `news_take` WHERE ( uid=10 )  [ RunTime:0.0005s ]
INFO: [ view_parse ] --START--
INFO: [ template_filter ] --START--
INFO: Run Behavior\ContentReplaceBehavior [ RunTime:0.000181s ]
INFO: [ template_filter ] --END-- [ RunTime:0.000357s ]
INFO: Run Behavior\ParseTemplateBehavior [ RunTime:0.020986s ]
INFO: [ view_parse ] --END-- [ RunTime:0.021190s ]
INFO: [ view_filter ] --START--
INFO: Run Behavior\WriteHtmlCacheBehavior [ RunTime:0.000597s ]
INFO: [ view_filter ] --END-- [ RunTime:0.000711s ]
INFO: [ app_end ] --START--
INFO: Run Behavior\ShowPageTraceBehavior [ RunTime:0.000756s ]
INFO: [ app_end ] --END-- [ RunTime:0.000863s ]

[ 2017-03-10T16:26:04+08:00 ] 127.0.0.1 /bishe/Home/Personal/edit_message
INFO: [ app_init ] --START--
INFO: Run Behavior\BuildLiteBehavior [ RunTime:0.000037s ]
INFO: [ app_init ] --END-- [ RunTime:0.000664s ]
INFO: [ app_begin ] --START--
INFO: Run Behavior\ReadHtmlCacheBehavior [ RunTime:0.001383s ]
INFO: [ app_begin ] --END-- [ RunTime:0.001591s ]
SQL: SELECT * FROM client_user WHERE user_name ='baichi' [ RunTime:0.0005s ]
SQL: SELECT email_address FROM client_user WHERE user_name ='baichi' [ RunTime:0.0002s ]
SQL: SHOW COLUMNS FROM `client_user` [ RunTime:0.0040s ]
SQL: SELECT * FROM `client_user` WHERE ( `user_name`='baichi' ) LIMIT 1   [ RunTime:0.0004s ]
INFO: [ view_parse ] --START--
INFO: [ template_filter ] --START--
INFO: Run Behavior\ContentReplaceBehavior [ RunTime:0.000317s ]
INFO: [ template_filter ] --END-- [ RunTime:0.000575s ]
INFO: Run Behavior\ParseTemplateBehavior [ RunTime:0.025856s ]
INFO: [ view_parse ] --END-- [ RunTime:0.026109s ]
INFO: [ view_filter ] --START--
INFO: Run Behavior\WriteHtmlCacheBehavior [ RunTime:0.000532s ]
INFO: [ view_filter ] --END-- [ RunTime:0.000644s ]
INFO: [ app_end ] --START--
INFO: Run Behavior\ShowPageTraceBehavior [ RunTime:0.001381s ]
INFO: [ app_end ] --END-- [ RunTime:0.001520s ]

[ 2017-03-10T16:27:48+08:00 ] 127.0.0.1 /bishe/Home/Personal/edit_message
INFO: [ app_init ] --START--
INFO: Run Behavior\BuildLiteBehavior [ RunTime:0.000046s ]
INFO: [ app_init ] --END-- [ RunTime:0.001050s ]
INFO: [ app_begin ] --START--
INFO: Run Behavior\ReadHtmlCacheBehavior [ RunTime:0.000891s ]
INFO: [ app_begin ] --END-- [ RunTime:0.001014s ]
SQL: SELECT * FROM client_user WHERE user_name ='baichi' [ RunTime:0.0007s ]
SQL: SELECT email_address FROM client_user WHERE user_name ='baichi' [ RunTime:0.0004s ]
SQL: SHOW COLUMNS FROM `client_user` [ RunTime:0.0031s ]
SQL: SELECT * FROM `client_user` WHERE ( `user_name`='baichi' ) LIMIT 1   [ RunTime:0.0005s ]
INFO: [ view_parse ] --START--
INFO: [ template_filter ] --START--
INFO: Run Behavior\ContentReplaceBehavior [ RunTime:0.000135s ]
INFO: [ template_filter ] --END-- [ RunTime:0.000275s ]
INFO: Run Behavior\ParseTemplateBehavior [ RunTime:0.012805s ]
INFO: [ view_parse ] --END-- [ RunTime:0.013266s ]
INFO: [ view_filter ] --START--
INFO: Run Behavior\WriteHtmlCacheBehavior [ RunTime:0.003213s ]
INFO: [ view_filter ] --END-- [ RunTime:0.003539s ]
INFO: [ app_end ] --START--
INFO: Run Behavior\ShowPageTraceBehavior [ RunTime:0.001258s ]
INFO: [ app_end ] --END-- [ RunTime:0.001439s ]

[ 2017-03-10T16:27:51+08:00 ] 127.0.0.1 /bishe/Home/Personal/edit_message
INFO: [ app_init ] --START--
INFO: Run Behavior\BuildLiteBehavior [ RunTime:0.000024s ]
INFO: [ app_init ] --END-- [ RunTime:0.000435s ]
INFO: [ app_begin ] --START--
INFO: Run Behavior\ReadHtmlCacheBehavior [ RunTime:0.000820s ]
INFO: [ app_begin ] --END-- [ RunTime:0.000959s ]
SQL: SELECT * FROM client_user WHERE user_name ='baichi' [ RunTime:0.0004s ]
SQL: SELECT email_address FROM client_user WHERE user_name ='baichi' [ RunTime:0.0004s ]
SQL: SHOW COLUMNS FROM `client_user` [ RunTime:0.0028s ]
SQL: SELECT * FROM `client_user` WHERE ( `user_name`='baichi' ) LIMIT 1   [ RunTime:0.0004s ]
INFO: [ view_parse ] --START--
INFO: [ template_filter ] --START--
INFO: Run Behavior\ContentReplaceBehavior [ RunTime:0.000144s ]
INFO: [ template_filter ] --END-- [ RunTime:0.000281s ]
INFO: Run Behavior\ParseTemplateBehavior [ RunTime:0.014699s ]
INFO: [ view_parse ] --END-- [ RunTime:0.014935s ]
INFO: [ view_filter ] --START--
INFO: Run Behavior\WriteHtmlCacheBehavior [ RunTime:0.000515s ]
INFO: [ view_filter ] --END-- [ RunTime:0.000618s ]
INFO: [ app_end ] --START--
INFO: Run Behavior\ShowPageTraceBehavior [ RunTime:0.000739s ]
INFO: [ app_end ] --END-- [ RunTime:0.000845s ]

[ 2017-03-10T16:29:08+08:00 ] 127.0.0.1 /bishe/Home/Personal/edit_message
INFO: [ app_init ] --START--
INFO: Run Behavior\BuildLiteBehavior [ RunTime:0.000037s ]
INFO: [ app_init ] --END-- [ RunTime:0.002084s ]
INFO: [ app_begin ] --START--
INFO: Run Behavior\ReadHtmlCacheBehavior [ RunTime:0.000770s ]
INFO: [ app_begin ] --END-- [ RunTime:0.000903s ]
SQL: SELECT * FROM client_user WHERE user_name ='baichi' [ RunTime:0.0004s ]
SQL: SELECT email_address FROM client_user WHERE user_name ='baichi' [ RunTime:0.0005s ]
SQL: SHOW COLUMNS FROM `client_user` [ RunTime:0.0031s ]
SQL: SELECT * FROM `client_user` WHERE ( `user_name`='baichi' ) LIMIT 1   [ RunTime:0.0003s ]
INFO: [ view_parse ] --START--
INFO: [ template_filter ] --START--
INFO: Run Behavior\ContentReplaceBehavior [ RunTime:0.000185s ]
INFO: [ template_filter ] --END-- [ RunTime:0.000354s ]
INFO: Run Behavior\ParseTemplateBehavior [ RunTime:0.019144s ]
INFO: [ view_parse ] --END-- [ RunTime:0.019295s ]
INFO: [ view_filter ] --START--
INFO: Run Behavior\WriteHtmlCacheBehavior [ RunTime:0.000681s ]
INFO: [ view_filter ] --END-- [ RunTime:0.000819s ]
INFO: [ app_end ] --START--
INFO: Run Behavior\ShowPageTraceBehavior [ RunTime:0.000996s ]
INFO: [ app_end ] --END-- [ RunTime:0.001185s ]

[ 2017-03-10T16:29:27+08:00 ] 127.0.0.1 /bishe/Home/Personal/edit_message
INFO: [ app_init ] --START--
INFO: Run Behavior\BuildLiteBehavior [ RunTime:0.000026s ]
INFO: [ app_init ] --END-- [ RunTime:0.000496s ]
INFO: [ app_begin ] --START--
INFO: Run Behavior\ReadHtmlCacheBehavior [ RunTime:0.000740s ]
INFO: [ app_begin ] --END-- [ RunTime:0.000861s ]
SQL: SELECT * FROM client_user WHERE user_name ='baichi' [ RunTime:0.0006s ]
SQL: SELECT email_address FROM client_user WHERE user_name ='baichi' [ RunTime:0.0003s ]
SQL: SHOW COLUMNS FROM `client_user` [ RunTime:0.0031s ]
SQL: SELECT * FROM `client_user` WHERE ( `user_name`='baichi' ) LIMIT 1   [ RunTime:0.0030s ]
INFO: [ view_parse ] --START--
INFO: [ template_filter ] --START--
INFO: Run Behavior\ContentReplaceBehavior [ RunTime:0.000152s ]
INFO: [ template_filter ] --END-- [ RunTime:0.000292s ]
INFO: Run Behavior\ParseTemplateBehavior [ RunTime:0.014811s ]
INFO: [ view_parse ] --END-- [ RunTime:0.014955s ]
INFO: [ view_filter ] --START--
INFO: Run Behavior\WriteHtmlCacheBehavior [ RunTime:0.000529s ]
INFO: [ view_filter ] --END-- [ RunTime:0.000637s ]
INFO: [ app_end ] --START--
INFO: Run Behavior\ShowPageTraceBehavior [ RunTime:0.000779s ]
INFO: [ app_end ] --END-- [ RunTime:0.000890s ]

[ 2017-03-10T17:12:18+08:00 ] 127.0.0.1 /bishe/Home/Personal/edit_message
INFO: [ app_init ] --START--
INFO: Run Behavior\BuildLiteBehavior [ RunTime:0.000050s ]
INFO: [ app_init ] --END-- [ RunTime:0.000679s ]
INFO: [ app_begin ] --START--
INFO: Run Behavior\ReadHtmlCacheBehavior [ RunTime:0.001127s ]
INFO: [ app_begin ] --END-- [ RunTime:0.001270s ]

[ 2017-03-10T17:13:16+08:00 ] 127.0.0.1 /bishe/Home/Personal/edit_message
INFO: [ app_init ] --START--
INFO: Run Behavior\BuildLiteBehavior [ RunTime:0.000026s ]
INFO: [ app_init ] --END-- [ RunTime:0.000483s ]
INFO: [ app_begin ] --START--
INFO: Run Behavior\ReadHtmlCacheBehavior [ RunTime:0.001384s ]
INFO: [ app_begin ] --END-- [ RunTime:0.001601s ]
SQL: SELECT * FROM client_user WHERE user_name ='baichi' [ RunTime:0.0006s ]
SQL: SELECT email_address FROM client_user WHERE user_name ='baichi' [ RunTime:0.0002s ]
SQL: SELECT real_name FROM client_user WHERE user_name ='baichi' [ RunTime:0.0002s ]
SQL: SELECT tel FROM client_user WHERE user_name ='baichi' [ RunTime:0.0002s ]
SQL: SELECT address FROM client_user WHERE user_name ='baichi' [ RunTime:0.0002s ]
SQL: SHOW COLUMNS FROM `client_user` [ RunTime:0.0028s ]
SQL: SELECT * FROM `client_user` WHERE ( `user_name`='baichi' ) LIMIT 1   [ RunTime:0.0004s ]
INFO: [ view_parse ] --START--
INFO: [ template_filter ] --START--
INFO: Run Behavior\ContentReplaceBehavior [ RunTime:0.000132s ]
INFO: [ template_filter ] --END-- [ RunTime:0.000258s ]
INFO: Run Behavior\ParseTemplateBehavior [ RunTime:0.017006s ]
INFO: [ view_parse ] --END-- [ RunTime:0.017130s ]
INFO: [ view_filter ] --START--
INFO: Run Behavior\WriteHtmlCacheBehavior [ RunTime:0.000487s ]
INFO: [ view_filter ] --END-- [ RunTime:0.000589s ]
INFO: [ app_end ] --START--
INFO: Run Behavior\ShowPageTraceBehavior [ RunTime:0.000691s ]
INFO: [ app_end ] --END-- [ RunTime:0.000799s ]

[ 2017-03-10T17:14:06+08:00 ] 127.0.0.1 /bishe/Home/Personal/edit_message
INFO: [ app_init ] --START--
INFO: Run Behavior\BuildLiteBehavior [ RunTime:0.000026s ]
INFO: [ app_init ] --END-- [ RunTime:0.000463s ]
INFO: [ app_begin ] --START--
INFO: Run Behavior\ReadHtmlCacheBehavior [ RunTime:0.000669s ]
INFO: [ app_begin ] --END-- [ RunTime:0.000782s ]
SQL: SELECT * FROM client_user WHERE user_name ='baichi' [ RunTime:0.0004s ]
SQL: SELECT email_address FROM client_user WHERE user_name ='baichi' [ RunTime:0.0002s ]
SQL: SELECT real_name FROM client_user WHERE user_name ='baichi' [ RunTime:0.0002s ]
SQL: SELECT tel FROM client_user WHERE user_name ='baichi' [ RunTime:0.0002s ]
SQL: SELECT address FROM client_user WHERE user_name ='baichi' [ RunTime:0.0002s ]
SQL: SHOW COLUMNS FROM `client_user` [ RunTime:0.0071s ]
SQL: SELECT * FROM `client_user` WHERE ( `user_name`='baichi' ) LIMIT 1   [ RunTime:0.0004s ]
INFO: [ view_parse ] --START--
INFO: [ template_filter ] --START--
INFO: Run Behavior\ContentReplaceBehavior [ RunTime:0.000158s ]
INFO: [ template_filter ] --END-- [ RunTime:0.000403s ]
INFO: Run Behavior\ParseTemplateBehavior [ RunTime:0.016898s ]
INFO: [ view_parse ] --END-- [ RunTime:0.017024s ]
INFO: [ view_filter ] --START--
INFO: Run Behavior\WriteHtmlCacheBehavior [ RunTime:0.000358s ]
INFO: [ view_filter ] --END-- [ RunTime:0.000456s ]
INFO: [ app_end ] --START--
INFO: Run Behavior\ShowPageTraceBehavior [ RunTime:0.000600s ]
INFO: [ app_end ] --END-- [ RunTime:0.000705s ]

[ 2017-03-10T17:18:11+08:00 ] 127.0.0.1 /bishe/Home/Personal/edit_message
INFO: [ app_init ] --START--
INFO: Run Behavior\BuildLiteBehavior [ RunTime:0.000032s ]
INFO: [ app_init ] --END-- [ RunTime:0.001330s ]
INFO: [ app_begin ] --START--
INFO: Run Behavior\ReadHtmlCacheBehavior [ RunTime:0.000608s ]
INFO: [ app_begin ] --END-- [ RunTime:0.000813s ]
SQL: SELECT * FROM client_user WHERE user_name ='baichi' [ RunTime:0.0004s ]
SQL: SELECT email_address FROM client_user WHERE user_name ='baichi' [ RunTime:0.0002s ]
SQL: SELECT real_name FROM client_user WHERE user_name ='baichi' [ RunTime:0.0002s ]
SQL: SELECT tel FROM client_user WHERE user_name ='baichi' [ RunTime:0.0002s ]
SQL: SELECT address FROM client_user WHERE user_name ='baichi' [ RunTime:0.0002s ]
SQL: SHOW COLUMNS FROM `client_user` [ RunTime:0.0028s ]
SQL: SELECT * FROM `client_user` WHERE ( `user_name`='baichi' ) LIMIT 1   [ RunTime:0.0003s ]
INFO: [ view_parse ] --START--
INFO: [ template_filter ] --START--
INFO: Run Behavior\ContentReplaceBehavior [ RunTime:0.000239s ]
INFO: [ template_filter ] --END-- [ RunTime:0.000408s ]
INFO: Run Behavior\ParseTemplateBehavior [ RunTime:0.022530s ]
INFO: [ view_parse ] --END-- [ RunTime:0.022666s ]
INFO: [ view_filter ] --START--
INFO: Run Behavior\WriteHtmlCacheBehavior [ RunTime:0.000451s ]
INFO: [ view_filter ] --END-- [ RunTime:0.000595s ]
INFO: [ app_end ] --START--
INFO: Run Behavior\ShowPageTraceBehavior [ RunTime:0.000779s ]
INFO: [ app_end ] --END-- [ RunTime:0.000924s ]

[ 2017-03-10T17:19:03+08:00 ] 127.0.0.1 /bishe/Home/Personal/edit_message
INFO: [ app_init ] --START--
INFO: Run Behavior\BuildLiteBehavior [ RunTime:0.000026s ]
INFO: [ app_init ] --END-- [ RunTime:0.000434s ]
INFO: [ app_begin ] --START--
INFO: Run Behavior\ReadHtmlCacheBehavior [ RunTime:0.001474s ]
INFO: [ app_begin ] --END-- [ RunTime:0.001720s ]
SQL: SELECT * FROM client_user WHERE user_name ='baichi' [ RunTime:0.0004s ]
SQL: SELECT email_address FROM client_user WHERE user_name ='baichi' [ RunTime:0.0004s ]
SQL: SELECT real_name FROM client_user WHERE user_name ='baichi' [ RunTime:0.0003s ]
SQL: SELECT tel FROM client_user WHERE user_name ='baichi' [ RunTime:0.0002s ]
SQL: SELECT address FROM client_user WHERE user_name ='baichi' [ RunTime:0.0002s ]
SQL: SHOW COLUMNS FROM `client_user` [ RunTime:0.0025s ]
SQL: SELECT * FROM `client_user` WHERE ( `user_name`='baichi' ) LIMIT 1   [ RunTime:0.0003s ]
INFO: [ view_parse ] --START--
INFO: [ template_filter ] --START--
INFO: Run Behavior\ContentReplaceBehavior [ RunTime:0.000132s ]
INFO: [ template_filter ] --END-- [ RunTime:0.000257s ]
INFO: Run Behavior\ParseTemplateBehavior [ RunTime:0.019072s ]
INFO: [ view_parse ] --END-- [ RunTime:0.019255s ]
INFO: [ view_filter ] --START--
INFO: Run Behavior\WriteHtmlCacheBehavior [ RunTime:0.000274s ]
INFO: [ view_filter ] --END-- [ RunTime:0.000370s ]
INFO: [ app_end ] --START--
INFO: Run Behavior\ShowPageTraceBehavior [ RunTime:0.000486s ]
INFO: [ app_end ] --END-- [ RunTime:0.000591s ]

[ 2017-03-10T17:30:16+08:00 ] 127.0.0.1 /bishe/Home/Personal/edit_message
INFO: [ app_init ] --START--
INFO: Run Behavior\BuildLiteBehavior [ RunTime:0.000025s ]
INFO: [ app_init ] --END-- [ RunTime:0.000465s ]
INFO: [ app_begin ] --START--
INFO: Run Behavior\ReadHtmlCacheBehavior [ RunTime:0.000605s ]
INFO: [ app_begin ] --END-- [ RunTime:0.000720s ]
SQL: SELECT * FROM client_user WHERE user_name ='baichi' [ RunTime:0.0007s ]
SQL: SELECT email_address FROM client_user WHERE user_name ='baichi' [ RunTime:0.0002s ]
SQL: SELECT real_name FROM client_user WHERE user_name ='baichi' [ RunTime:0.0002s ]
SQL: SELECT tel FROM client_user WHERE user_name ='baichi' [ RunTime:0.0002s ]
SQL: SELECT address FROM client_user WHERE user_name ='baichi' [ RunTime:0.0010s ]
SQL: SHOW COLUMNS FROM `client_user` [ RunTime:0.0028s ]
SQL: SELECT * FROM `client_user` WHERE ( `user_name`='baichi' ) LIMIT 1   [ RunTime:0.0004s ]
INFO: [ view_parse ] --START--
INFO: [ template_filter ] --START--
INFO: Run Behavior\ContentReplaceBehavior [ RunTime:0.000144s ]
INFO: [ template_filter ] --END-- [ RunTime:0.000265s ]
INFO: Run Behavior\ParseTemplateBehavior [ RunTime:0.015951s ]
INFO: [ view_parse ] --END-- [ RunTime:0.016087s ]
INFO: [ view_filter ] --START--
INFO: Run Behavior\WriteHtmlCacheBehavior [ RunTime:0.000438s ]
INFO: [ view_filter ] --END-- [ RunTime:0.000560s ]
INFO: [ app_end ] --START--
INFO: Run Behavior\ShowPageTraceBehavior [ RunTime:0.000581s ]
INFO: [ app_end ] --END-- [ RunTime:0.000688s ]

[ 2017-03-10T17:30:55+08:00 ] 127.0.0.1 /bishe/Home/Personal/edit_message
INFO: [ app_init ] --START--
INFO: Run Behavior\BuildLiteBehavior [ RunTime:0.000028s ]
INFO: [ app_init ] --END-- [ RunTime:0.000419s ]
INFO: [ app_begin ] --START--
INFO: Run Behavior\ReadHtmlCacheBehavior [ RunTime:0.000500s ]
INFO: [ app_begin ] --END-- [ RunTime:0.000619s ]
SQL: SELECT * FROM client_user WHERE user_name ='baichi' [ RunTime:0.0004s ]
SQL: SELECT email_address FROM client_user WHERE user_name ='baichi' [ RunTime:0.0006s ]
SQL: SELECT real_name FROM client_user WHERE user_name ='baichi' [ RunTime:0.0003s ]
SQL: SELECT tel FROM client_user WHERE user_name ='baichi' [ RunTime:0.0002s ]
SQL: SELECT address FROM client_user WHERE user_name ='baichi' [ RunTime:0.0006s ]
SQL: SHOW COLUMNS FROM `client_user` [ RunTime:0.0055s ]
SQL: SELECT * FROM `client_user` WHERE ( `user_name`='baichi' ) LIMIT 1   [ RunTime:0.0005s ]
INFO: [ view_parse ] --START--
INFO: [ template_filter ] --START--
INFO: Run Behavior\ContentReplaceBehavior [ RunTime:0.000155s ]
INFO: [ template_filter ] --END-- [ RunTime:0.000299s ]
INFO: Run Behavior\ParseTemplateBehavior [ RunTime:0.016154s ]
INFO: [ view_parse ] --END-- [ RunTime:0.016293s ]
INFO: [ view_filter ] --START--
INFO: Run Behavior\WriteHtmlCacheBehavior [ RunTime:0.000459s ]
INFO: [ view_filter ] --END-- [ RunTime:0.000586s ]
INFO: [ app_end ] --START--
INFO: Run Behavior\ShowPageTraceBehavior [ RunTime:0.000553s ]
INFO: [ app_end ] --END-- [ RunTime:0.000754s ]

[ 2017-03-10T17:32:28+08:00 ] 127.0.0.1 /bishe/Home/Personal/edit_message
INFO: [ app_init ] --START--
INFO: Run Behavior\BuildLiteBehavior [ RunTime:0.000028s ]
INFO: [ app_init ] --END-- [ RunTime:0.000511s ]
INFO: [ app_begin ] --START--
INFO: Run Behavior\ReadHtmlCacheBehavior [ RunTime:0.000746s ]
INFO: [ app_begin ] --END-- [ RunTime:0.000861s ]
SQL: SELECT * FROM client_user WHERE user_name ='baichi' [ RunTime:0.0004s ]
SQL: SELECT email_address FROM client_user WHERE user_name ='baichi' [ RunTime:0.0002s ]
SQL: SELECT real_name FROM client_user WHERE user_name ='baichi' [ RunTime:0.0002s ]
SQL: SELECT tel FROM client_user WHERE user_name ='baichi' [ RunTime:0.0002s ]
SQL: SELECT address FROM client_user WHERE user_name ='baichi' [ RunTime:0.0002s ]
SQL: SHOW COLUMNS FROM `client_user` [ RunTime:0.0025s ]
SQL: SELECT * FROM `client_user` WHERE ( `user_name`='baichi' ) LIMIT 1   [ RunTime:0.0003s ]
INFO: [ view_parse ] --START--
INFO: [ template_filter ] --START--
INFO: Run Behavior\ContentReplaceBehavior [ RunTime:0.000251s ]
INFO: [ template_filter ] --END-- [ RunTime:0.000376s ]
INFO: Run Behavior\ParseTemplateBehavior [ RunTime:0.015138s ]
INFO: [ view_parse ] --END-- [ RunTime:0.015252s ]
INFO: [ view_filter ] --START--
INFO: Run Behavior\WriteHtmlCacheBehavior [ RunTime:0.000487s ]
INFO: [ view_filter ] --END-- [ RunTime:0.000587s ]
INFO: [ app_end ] --START--
INFO: Run Behavior\ShowPageTraceBehavior [ RunTime:0.001164s ]
INFO: [ app_end ] --END-- [ RunTime:0.001312s ]

[ 2017-03-10T17:32:53+08:00 ] 127.0.0.1 /bishe/Home/Personal/edit_message
INFO: [ app_init ] --START--
INFO: Run Behavior\BuildLiteBehavior [ RunTime:0.000027s ]
INFO: [ app_init ] --END-- [ RunTime:0.000491s ]
INFO: [ app_begin ] --START--
INFO: Run Behavior\ReadHtmlCacheBehavior [ RunTime:0.000740s ]
INFO: [ app_begin ] --END-- [ RunTime:0.000851s ]
SQL: SELECT * FROM client_user WHERE user_name ='baichi' [ RunTime:0.0004s ]
SQL: SELECT email_address FROM client_user WHERE user_name ='baichi' [ RunTime:0.0002s ]
SQL: SELECT real_name FROM client_user WHERE user_name ='baichi' [ RunTime:0.0002s ]
SQL: SELECT tel FROM client_user WHERE user_name ='baichi' [ RunTime:0.0002s ]
SQL: SELECT address FROM client_user WHERE user_name ='baichi' [ RunTime:0.0002s ]
SQL: SHOW COLUMNS FROM `client_user` [ RunTime:0.0034s ]
SQL: SELECT * FROM `client_user` WHERE ( `user_name`='baichi' ) LIMIT 1   [ RunTime:0.0004s ]
INFO: [ view_parse ] --START--
INFO: [ template_filter ] --START--
INFO: Run Behavior\ContentReplaceBehavior [ RunTime:0.000277s ]
INFO: [ template_filter ] --END-- [ RunTime:0.000611s ]
INFO: Run Behavior\ParseTemplateBehavior [ RunTime:0.017163s ]
INFO: [ view_parse ] --END-- [ RunTime:0.017286s ]
INFO: [ view_filter ] --START--
INFO: Run Behavior\WriteHtmlCacheBehavior [ RunTime:0.000524s ]
INFO: [ view_filter ] --END-- [ RunTime:0.000675s ]
INFO: [ app_end ] --START--
INFO: Run Behavior\ShowPageTraceBehavior [ RunTime:0.000715s ]
INFO: [ app_end ] --END-- [ RunTime:0.001759s ]

[ 2017-03-10T19:23:06+08:00 ] 127.0.0.1 /bishe/Home/Personal/edit_message
INFO: [ app_init ] --START--
INFO: Run Behavior\BuildLiteBehavior [ RunTime:0.000027s ]
INFO: [ app_init ] --END-- [ RunTime:0.000499s ]
INFO: [ app_begin ] --START--
INFO: Run Behavior\ReadHtmlCacheBehavior [ RunTime:0.000645s ]
INFO: [ app_begin ] --END-- [ RunTime:0.000781s ]
SQL: SELECT * FROM client_user WHERE user_name ='baichi' [ RunTime:0.0055s ]
SQL: SELECT email_address FROM client_user WHERE user_name ='baichi' [ RunTime:0.0002s ]
SQL: SELECT real_name FROM client_user WHERE user_name ='baichi' [ RunTime:0.0002s ]
SQL: SELECT tel FROM client_user WHERE user_name ='baichi' [ RunTime:0.0002s ]
SQL: SELECT address FROM client_user WHERE user_name ='baichi' [ RunTime:0.0002s ]
SQL: SHOW COLUMNS FROM `client_user` [ RunTime:0.0055s ]
SQL: SELECT * FROM `client_user` WHERE ( `user_name`='baichi' ) LIMIT 1   [ RunTime:0.0006s ]
INFO: [ view_parse ] --START--
INFO: [ template_filter ] --START--
INFO: Run Behavior\ContentReplaceBehavior [ RunTime:0.000159s ]
INFO: [ template_filter ] --END-- [ RunTime:0.000282s ]
INFO: Run Behavior\ParseTemplateBehavior [ RunTime:0.011557s ]
INFO: [ view_parse ] --END-- [ RunTime:0.011677s ]
INFO: [ view_filter ] --START--
INFO: Run Behavior\WriteHtmlCacheBehavior [ RunTime:0.000582s ]
INFO: [ view_filter ] --END-- [ RunTime:0.000699s ]
INFO: [ app_end ] --START--
INFO: Run Behavior\ShowPageTraceBehavior [ RunTime:0.000604s ]
INFO: [ app_end ] --END-- [ RunTime:0.000709s ]

[ 2017-03-10T19:24:24+08:00 ] 127.0.0.1 /bishe/Home/Personal/edit_message
INFO: [ app_init ] --START--
INFO: Run Behavior\BuildLiteBehavior [ RunTime:0.000036s ]
INFO: [ app_init ] --END-- [ RunTime:0.001551s ]
INFO: [ app_begin ] --START--
INFO: Run Behavior\ReadHtmlCacheBehavior [ RunTime:0.001165s ]
INFO: [ app_begin ] --END-- [ RunTime:0.001290s ]
SQL: SELECT * FROM client_user WHERE user_name ='baichi' [ RunTime:0.0004s ]
SQL: SELECT email_address FROM client_user WHERE user_name ='baichi' [ RunTime:0.0002s ]
SQL: SELECT real_name FROM client_user WHERE user_name ='baichi' [ RunTime:0.0002s ]
SQL: SELECT tel FROM client_user WHERE user_name ='baichi' [ RunTime:0.0002s ]
SQL: SELECT address FROM client_user WHERE user_name ='baichi' [ RunTime:0.0002s ]
SQL: SHOW COLUMNS FROM `client_user` [ RunTime:0.0027s ]
SQL: SELECT * FROM `client_user` WHERE ( `user_name`='baichi' ) LIMIT 1   [ RunTime:0.0003s ]
INFO: [ view_parse ] --START--
INFO: [ template_filter ] --START--
INFO: Run Behavior\ContentReplaceBehavior [ RunTime:0.000157s ]
INFO: [ template_filter ] --END-- [ RunTime:0.000281s ]
INFO: Run Behavior\ParseTemplateBehavior [ RunTime:0.016101s ]
INFO: [ view_parse ] --END-- [ RunTime:0.016230s ]
INFO: [ view_filter ] --START--
INFO: Run Behavior\WriteHtmlCacheBehavior [ RunTime:0.000876s ]
INFO: [ view_filter ] --END-- [ RunTime:0.000995s ]
INFO: [ app_end ] --START--
INFO: Run Behavior\ShowPageTraceBehavior [ RunTime:0.001093s ]
INFO: [ app_end ] --END-- [ RunTime:0.001200s ]

[ 2017-03-10T19:32:15+08:00 ] 127.0.0.1 /bishe/Home/Personal/edit_message
INFO: [ app_init ] --START--
INFO: Run Behavior\BuildLiteBehavior [ RunTime:0.000028s ]
INFO: [ app_init ] --END-- [ RunTime:0.000446s ]
INFO: [ app_begin ] --START--
INFO: Run Behavior\ReadHtmlCacheBehavior [ RunTime:0.000573s ]
INFO: [ app_begin ] --END-- [ RunTime:0.000685s ]
SQL: SELECT * FROM client_user WHERE user_name ='baichi' [ RunTime:0.0005s ]
SQL: SELECT email_address FROM client_user WHERE user_name ='baichi' [ RunTime:0.0002s ]
SQL: SELECT real_name FROM client_user WHERE user_name ='baichi' [ RunTime:0.0002s ]
SQL: SELECT tel FROM client_user WHERE user_name ='baichi' [ RunTime:0.0002s ]
SQL: SELECT address FROM client_user WHERE user_name ='baichi' [ RunTime:0.0002s ]
SQL: SHOW COLUMNS FROM `client_user` [ RunTime:0.0041s ]
SQL: SELECT * FROM `client_user` WHERE ( `user_name`='baichi' ) LIMIT 1   [ RunTime:0.0011s ]
INFO: [ view_parse ] --START--
INFO: [ template_filter ] --START--
INFO: Run Behavior\ContentReplaceBehavior [ RunTime:0.000190s ]
INFO: [ template_filter ] --END-- [ RunTime:0.000330s ]
INFO: Run Behavior\ParseTemplateBehavior [ RunTime:0.011611s ]
INFO: [ view_parse ] --END-- [ RunTime:0.011747s ]
INFO: [ view_filter ] --START--
INFO: Run Behavior\WriteHtmlCacheBehavior [ RunTime:0.000335s ]
INFO: [ view_filter ] --END-- [ RunTime:0.000430s ]
INFO: [ app_end ] --START--
INFO: Run Behavior\ShowPageTraceBehavior [ RunTime:0.003074s ]
INFO: [ app_end ] --END-- [ RunTime:0.003213s ]

[ 2017-03-10T19:32:37+08:00 ] 127.0.0.1 /bishe/Home/Personal/edit_message
INFO: [ app_init ] --START--
INFO: Run Behavior\BuildLiteBehavior [ RunTime:0.000026s ]
INFO: [ app_init ] --END-- [ RunTime:0.000436s ]
INFO: [ app_begin ] --START--
INFO: Run Behavior\ReadHtmlCacheBehavior [ RunTime:0.000478s ]
INFO: [ app_begin ] --END-- [ RunTime:0.000589s ]
SQL: SELECT * FROM client_user WHERE user_name ='baichi' [ RunTime:0.0004s ]
SQL: SELECT email_address FROM client_user WHERE user_name ='baichi' [ RunTime:0.0002s ]
SQL: SELECT real_name FROM client_user WHERE user_name ='baichi' [ RunTime:0.0002s ]
SQL: SELECT tel FROM client_user WHERE user_name ='baichi' [ RunTime:0.0002s ]
SQL: SELECT address FROM client_user WHERE user_name ='baichi' [ RunTime:0.0002s ]
SQL: SHOW COLUMNS FROM `client_user` [ RunTime:0.0024s ]
SQL: SELECT * FROM `client_user` WHERE ( `user_name`='baichi' ) LIMIT 1   [ RunTime:0.0002s ]
INFO: [ view_parse ] --START--
INFO: [ template_filter ] --START--
INFO: Run Behavior\ContentReplaceBehavior [ RunTime:0.000185s ]
INFO: [ template_filter ] --END-- [ RunTime:0.000355s ]
INFO: Run Behavior\ParseTemplateBehavior [ RunTime:0.021086s ]
INFO: [ view_parse ] --END-- [ RunTime:0.021275s ]
INFO: [ view_filter ] --START--
INFO: Run Behavior\WriteHtmlCacheBehavior [ RunTime:0.000315s ]
INFO: [ view_filter ] --END-- [ RunTime:0.002724s ]
INFO: [ app_end ] --START--
INFO: Run Behavior\ShowPageTraceBehavior [ RunTime:0.000911s ]
INFO: [ app_end ] --END-- [ RunTime:0.001060s ]

[ 2017-03-10T19:32:45+08:00 ] 127.0.0.1 /bishe/Home/Personal/edit_message
INFO: [ app_init ] --START--
INFO: Run Behavior\BuildLiteBehavior [ RunTime:0.000040s ]
INFO: [ app_init ] --END-- [ RunTime:0.000747s ]
INFO: [ app_begin ] --START--
INFO: Run Behavior\ReadHtmlCacheBehavior [ RunTime:0.000631s ]
INFO: [ app_begin ] --END-- [ RunTime:0.000781s ]
SQL: SELECT * FROM client_user WHERE user_name ='baichi' [ RunTime:0.0005s ]
SQL: SELECT email_address FROM client_user WHERE user_name ='baichi' [ RunTime:0.0004s ]
SQL: SELECT real_name FROM client_user WHERE user_name ='baichi' [ RunTime:0.0002s ]
SQL: SELECT tel FROM client_user WHERE user_name ='baichi' [ RunTime:0.0002s ]
SQL: SELECT address FROM client_user WHERE user_name ='baichi' [ RunTime:0.0002s ]
SQL: SHOW COLUMNS FROM `client_user` [ RunTime:0.0027s ]
SQL: SELECT * FROM `client_user` WHERE ( `user_name`='baichi' ) LIMIT 1   [ RunTime:0.0006s ]
INFO: [ view_parse ] --START--
INFO: [ template_filter ] --START--
INFO: Run Behavior\ContentReplaceBehavior [ RunTime:0.003006s ]
INFO: [ template_filter ] --END-- [ RunTime:0.003167s ]
INFO: Run Behavior\ParseTemplateBehavior [ RunTime:0.018948s ]
INFO: [ view_parse ] --END-- [ RunTime:0.019114s ]
INFO: [ view_filter ] --START--
INFO: Run Behavior\WriteHtmlCacheBehavior [ RunTime:0.000264s ]
INFO: [ view_filter ] --END-- [ RunTime:0.000365s ]
INFO: [ app_end ] --START--
INFO: Run Behavior\ShowPageTraceBehavior [ RunTime:0.000513s ]
INFO: [ app_end ] --END-- [ RunTime:0.000618s ]

[ 2017-03-10T19:55:55+08:00 ] 127.0.0.1 /bishe/Home/Personal/edit_message
INFO: [ app_init ] --START--
INFO: Run Behavior\BuildLiteBehavior [ RunTime:0.000025s ]
INFO: [ app_init ] --END-- [ RunTime:0.000536s ]
INFO: [ app_begin ] --START--
INFO: Run Behavior\ReadHtmlCacheBehavior [ RunTime:0.000565s ]
INFO: [ app_begin ] --END-- [ RunTime:0.000692s ]

[ 2017-03-10T19:56:22+08:00 ] 127.0.0.1 /bishe/Home/Personal/edit_message
INFO: [ app_init ] --START--
INFO: Run Behavior\BuildLiteBehavior [ RunTime:0.000023s ]
INFO: [ app_init ] --END-- [ RunTime:0.000387s ]
INFO: [ app_begin ] --START--
INFO: Run Behavior\ReadHtmlCacheBehavior [ RunTime:0.002566s ]
INFO: [ app_begin ] --END-- [ RunTime:0.002703s ]
SQL: SELECT * FROM client_user WHERE user_name ='baichi' [ RunTime:0.0007s ]
SQL: SELECT email_address FROM client_user WHERE user_name ='baichi' [ RunTime:0.0002s ]
SQL: SELECT real_name FROM client_user WHERE user_name ='baichi' [ RunTime:0.0002s ]
SQL: SELECT tel FROM client_user WHERE user_name ='baichi' [ RunTime:0.0002s ]
SQL: SELECT address FROM client_user WHERE user_name ='baichi' [ RunTime:0.0002s ]
SQL: SHOW COLUMNS FROM `client_user` [ RunTime:0.0026s ]
SQL: SELECT * FROM `client_user` WHERE ( `user_name`='baichi' ) LIMIT 1   [ RunTime:0.0002s ]
INFO: [ view_parse ] --START--
INFO: [ template_filter ] --START--
INFO: Run Behavior\ContentReplaceBehavior [ RunTime:0.000150s ]
INFO: [ template_filter ] --END-- [ RunTime:0.000275s ]
INFO: Run Behavior\ParseTemplateBehavior [ RunTime:0.013388s ]
INFO: [ view_parse ] --END-- [ RunTime:0.013545s ]
INFO: [ view_filter ] --START--
INFO: Run Behavior\WriteHtmlCacheBehavior [ RunTime:0.000339s ]
INFO: [ view_filter ] --END-- [ RunTime:0.000436s ]
INFO: [ app_end ] --START--
INFO: Run Behavior\ShowPageTraceBehavior [ RunTime:0.000538s ]
INFO: [ app_end ] --END-- [ RunTime:0.000724s ]

[ 2017-03-10T19:56:41+08:00 ] 127.0.0.1 /bishe/Home/Personal/edit_message
INFO: [ app_init ] --START--
INFO: Run Behavior\BuildLiteBehavior [ RunTime:0.000024s ]
INFO: [ app_init ] --END-- [ RunTime:0.000414s ]
INFO: [ app_begin ] --START--
INFO: Run Behavior\ReadHtmlCacheBehavior [ RunTime:0.000503s ]
INFO: [ app_begin ] --END-- [ RunTime:0.000624s ]
SQL: SELECT * FROM client_user WHERE user_name ='baichi' [ RunTime:0.0003s ]
SQL: SELECT email_address FROM client_user WHERE user_name ='baichi' [ RunTime:0.0002s ]
SQL: SELECT real_name FROM client_user WHERE user_name ='baichi' [ RunTime:0.0002s ]
SQL: SELECT tel FROM client_user WHERE user_name ='baichi' [ RunTime:0.0002s ]
SQL: SELECT address FROM client_user WHERE user_name ='baichi' [ RunTime:0.0002s ]
SQL: SHOW COLUMNS FROM `client_user` [ RunTime:0.0066s ]
SQL: SELECT * FROM `client_user` WHERE ( `user_name`='baichi' ) LIMIT 1   [ RunTime:0.0004s ]
INFO: [ view_parse ] --START--
INFO: [ template_filter ] --START--
INFO: Run Behavior\ContentReplaceBehavior [ RunTime:0.000161s ]
INFO: [ template_filter ] --END-- [ RunTime:0.000291s ]
INFO: Run Behavior\ParseTemplateBehavior [ RunTime:0.013834s ]
INFO: [ view_parse ] --END-- [ RunTime:0.014136s ]
INFO: [ view_filter ] --START--
INFO: Run Behavior\WriteHtmlCacheBehavior [ RunTime:0.000546s ]
INFO: [ view_filter ] --END-- [ RunTime:0.000676s ]
INFO: [ app_end ] --START--
INFO: Run Behavior\ShowPageTraceBehavior [ RunTime:0.000604s ]
INFO: [ app_end ] --END-- [ RunTime:0.000713s ]

[ 2017-03-10T20:05:36+08:00 ] 127.0.0.1 /bishe/Home/Personal/edit_message
INFO: [ app_init ] --START--
INFO: Run Behavior\BuildLiteBehavior [ RunTime:0.000025s ]
INFO: [ app_init ] --END-- [ RunTime:0.000475s ]
INFO: [ app_begin ] --START--
INFO: Run Behavior\ReadHtmlCacheBehavior [ RunTime:0.000696s ]
INFO: [ app_begin ] --END-- [ RunTime:0.000809s ]
SQL: SELECT * FROM client_user WHERE user_name ='baichi' [ RunTime:0.0005s ]
SQL: SELECT email_address FROM client_user WHERE user_name ='baichi' [ RunTime:0.0002s ]
SQL: SELECT real_name FROM client_user WHERE user_name ='baichi' [ RunTime:0.0002s ]
SQL: SELECT tel FROM client_user WHERE user_name ='baichi' [ RunTime:0.0006s ]
SQL: SELECT address FROM client_user WHERE user_name ='baichi' [ RunTime:0.0003s ]
NOTIC: [8] Undefined index: address H:\wamp\www\bishe\Application\Home\Controller\PersonalController.class.php 第 76 行.
SQL: SHOW COLUMNS FROM `client_user` [ RunTime:0.0079s ]
SQL: SELECT * FROM `client_user` WHERE ( `user_name`='baichi' ) LIMIT 1   [ RunTime:0.0003s ]
INFO: [ view_parse ] --START--
INFO: [ template_filter ] --START--
INFO: Run Behavior\ContentReplaceBehavior [ RunTime:0.000145s ]
INFO: [ template_filter ] --END-- [ RunTime:0.000272s ]
INFO: Run Behavior\ParseTemplateBehavior [ RunTime:0.016096s ]
INFO: [ view_parse ] --END-- [ RunTime:0.016340s ]
INFO: [ view_filter ] --START--
INFO: Run Behavior\WriteHtmlCacheBehavior [ RunTime:0.000487s ]
INFO: [ view_filter ] --END-- [ RunTime:0.000588s ]
INFO: [ app_end ] --START--
INFO: Run Behavior\ShowPageTraceBehavior [ RunTime:0.000883s ]
INFO: [ app_end ] --END-- [ RunTime:0.000989s ]

[ 2017-03-10T20:05:50+08:00 ] 127.0.0.1 /bishe/Home/Personal/edit_message
INFO: [ app_init ] --START--
INFO: Run Behavior\BuildLiteBehavior [ RunTime:0.000027s ]
INFO: [ app_init ] --END-- [ RunTime:0.000477s ]
INFO: [ app_begin ] --START--
INFO: Run Behavior\ReadHtmlCacheBehavior [ RunTime:0.000671s ]
INFO: [ app_begin ] --END-- [ RunTime:0.000793s ]
SQL: SELECT * FROM client_user WHERE user_name ='baichi' [ RunTime:0.0004s ]
SQL: SELECT email_address FROM client_user WHERE user_name ='baichi' [ RunTime:0.0002s ]
SQL: SELECT real_name FROM client_user WHERE user_name ='baichi' [ RunTime:0.0002s ]
SQL: SELECT tel FROM client_user WHERE user_name ='baichi' [ RunTime:0.0002s ]
SQL: SELECT address FROM client_user WHERE user_name ='baichi' [ RunTime:0.0002s ]
NOTIC: [8] Undefined index: address H:\wamp\www\bishe\Application\Home\Controller\PersonalController.class.php 第 76 行.
SQL: SHOW COLUMNS FROM `client_user` [ RunTime:0.0027s ]
SQL: SELECT * FROM `client_user` WHERE ( `user_name`='baichi' ) LIMIT 1   [ RunTime:0.0003s ]
INFO: [ view_parse ] --START--
INFO: [ template_filter ] --START--
INFO: Run Behavior\ContentReplaceBehavior [ RunTime:0.000166s ]
INFO: [ template_filter ] --END-- [ RunTime:0.000292s ]
INFO: Run Behavior\ParseTemplateBehavior [ RunTime:0.013460s ]
INFO: [ view_parse ] --END-- [ RunTime:0.013586s ]
INFO: [ view_filter ] --START--
INFO: Run Behavior\WriteHtmlCacheBehavior [ RunTime:0.000688s ]
INFO: [ view_filter ] --END-- [ RunTime:0.000922s ]
INFO: [ app_end ] --START--
INFO: Run Behavior\ShowPageTraceBehavior [ RunTime:0.000717s ]
INFO: [ app_end ] --END-- [ RunTime:0.000858s ]

[ 2017-03-10T20:22:37+08:00 ] 127.0.0.1 /bishe/Home/Personal/edit_message
INFO: [ app_init ] --START--
INFO: Run Behavior\BuildLiteBehavior [ RunTime:0.000037s ]
INFO: [ app_init ] --END-- [ RunTime:0.000711s ]
INFO: [ app_begin ] --START--
INFO: Run Behavior\ReadHtmlCacheBehavior [ RunTime:0.001033s ]
INFO: [ app_begin ] --END-- [ RunTime:0.001265s ]
SQL: SELECT * FROM client_user WHERE user_name ='baichi' [ RunTime:0.0010s ]
SQL: SELECT email_address FROM client_user WHERE user_name ='baichi' [ RunTime:0.0090s ]
SQL: SELECT real_name FROM client_user WHERE user_name ='baichi' [ RunTime:0.0004s ]
SQL: SELECT tel FROM client_user WHERE user_name ='baichi' [ RunTime:0.0003s ]
SQL: SELECT address FROM client_user WHERE user_name ='baichi' [ RunTime:0.0002s ]
NOTIC: [8] Undefined index: address H:\wamp\www\bishe\Application\Home\Controller\PersonalController.class.php 第 76 行.
SQL: SHOW COLUMNS FROM `client_user` [ RunTime:0.0144s ]
SQL: SELECT * FROM `client_user` WHERE ( `user_name`='baichi' ) LIMIT 1   [ RunTime:0.0005s ]
INFO: [ view_parse ] --START--
INFO: [ template_filter ] --START--
INFO: Run Behavior\ContentReplaceBehavior [ RunTime:0.000145s ]
INFO: [ template_filter ] --END-- [ RunTime:0.000272s ]
INFO: Run Behavior\ParseTemplateBehavior [ RunTime:0.035033s ]
INFO: [ view_parse ] --END-- [ RunTime:0.035273s ]
INFO: [ view_filter ] --START--
INFO: Run Behavior\WriteHtmlCacheBehavior [ RunTime:0.000958s ]
INFO: [ view_filter ] --END-- [ RunTime:0.001092s ]
INFO: [ app_end ] --START--
INFO: Run Behavior\ShowPageTraceBehavior [ RunTime:0.001344s ]
INFO: [ app_end ] --END-- [ RunTime:0.001613s ]

[ 2017-03-10T20:22:43+08:00 ] 127.0.0.1 /bishe/Home/Personal/edit_message
INFO: [ app_init ] --START--
INFO: Run Behavior\BuildLiteBehavior [ RunTime:0.000024s ]
INFO: [ app_init ] --END-- [ RunTime:0.000459s ]
INFO: [ app_begin ] --START--
INFO: Run Behavior\ReadHtmlCacheBehavior [ RunTime:0.001154s ]
INFO: [ app_begin ] --END-- [ RunTime:0.001406s ]
SQL: SELECT * FROM client_user WHERE user_name ='baichi' [ RunTime:0.0003s ]
SQL: SELECT email_address FROM client_user WHERE user_name ='baichi' [ RunTime:0.0002s ]
SQL: SELECT real_name FROM client_user WHERE user_name ='baichi' [ RunTime:0.0002s ]
SQL: SELECT tel FROM client_user WHERE user_name ='baichi' [ RunTime:0.0006s ]
SQL: SELECT address FROM client_user WHERE user_name ='baichi' [ RunTime:0.0009s ]
NOTIC: [8] Undefined index: address H:\wamp\www\bishe\Application\Home\Controller\PersonalController.class.php 第 76 行.
SQL: SHOW COLUMNS FROM `client_user` [ RunTime:0.0034s ]
SQL: SELECT * FROM `client_user` WHERE ( `user_name`='baichi' ) LIMIT 1   [ RunTime:0.0004s ]
INFO: [ view_parse ] --START--
INFO: [ template_filter ] --START--
INFO: Run Behavior\ContentReplaceBehavior [ RunTime:0.000161s ]
INFO: [ template_filter ] --END-- [ RunTime:0.000303s ]
INFO: Run Behavior\ParseTemplateBehavior [ RunTime:0.019686s ]
INFO: [ view_parse ] --END-- [ RunTime:0.019842s ]
INFO: [ view_filter ] --START--
INFO: Run Behavior\WriteHtmlCacheBehavior [ RunTime:0.000497s ]
INFO: [ view_filter ] --END-- [ RunTime:0.000598s ]
INFO: [ app_end ] --START--
INFO: Run Behavior\ShowPageTraceBehavior [ RunTime:0.004462s ]
INFO: [ app_end ] --END-- [ RunTime:0.004607s ]

[ 2017-03-10T20:53:21+08:00 ] 127.0.0.1 /bishe/Home/Personal/edit_message
INFO: [ app_init ] --START--
INFO: Run Behavior\BuildLiteBehavior [ RunTime:0.000051s ]
INFO: [ app_init ] --END-- [ RunTime:0.007397s ]
INFO: [ app_begin ] --START--
INFO: Run Behavior\ReadHtmlCacheBehavior [ RunTime:0.001382s ]
INFO: [ app_begin ] --END-- [ RunTime:0.001548s ]
SQL: SELECT * FROM client_user WHERE user_name ='baichi' [ RunTime:0.0007s ]
SQL: SELECT email_address FROM client_user WHERE user_name ='baichi' [ RunTime:0.0003s ]
SQL: SELECT real_name FROM client_user WHERE user_name ='baichi' [ RunTime:0.0063s ]
SQL: SELECT tel FROM client_user WHERE user_name ='baichi' [ RunTime:0.0004s ]
SQL: SELECT address FROM client_user WHERE user_name ='baichi' [ RunTime:0.0003s ]
SQL: SHOW COLUMNS FROM `client_user` [ RunTime:0.0379s ]
SQL: SELECT * FROM `client_user` WHERE ( `user_name`='baichi' ) LIMIT 1   [ RunTime:0.0013s ]
INFO: [ view_parse ] --START--
INFO: [ template_filter ] --START--
INFO: Run Behavior\ContentReplaceBehavior [ RunTime:0.000282s ]
INFO: [ template_filter ] --END-- [ RunTime:0.000429s ]
INFO: Run Behavior\ParseTemplateBehavior [ RunTime:0.024886s ]
INFO: [ view_parse ] --END-- [ RunTime:0.025070s ]
INFO: [ view_filter ] --START--
INFO: Run Behavior\WriteHtmlCacheBehavior [ RunTime:0.000608s ]
INFO: [ view_filter ] --END-- [ RunTime:0.000726s ]
INFO: [ app_end ] --START--
INFO: Run Behavior\ShowPageTraceBehavior [ RunTime:0.001734s ]
INFO: [ app_end ] --END-- [ RunTime:0.001880s ]

[ 2017-03-10T22:52:42+08:00 ] 127.0.0.1 /bishe/Home/Personal/edit_message
INFO: [ app_init ] --START--
INFO: Run Behavior\BuildLiteBehavior [ RunTime:0.000037s ]
INFO: [ app_init ] --END-- [ RunTime:0.004766s ]
INFO: [ app_begin ] --START--
INFO: Run Behavior\ReadHtmlCacheBehavior [ RunTime:0.000876s ]
INFO: [ app_begin ] --END-- [ RunTime:0.001042s ]

[ 2017-03-10T22:54:44+08:00 ] 127.0.0.1 /bishe/Home/Personal/edit_message
INFO: [ app_init ] --START--
INFO: Run Behavior\BuildLiteBehavior [ RunTime:0.000035s ]
INFO: [ app_init ] --END-- [ RunTime:0.000810s ]
INFO: [ app_begin ] --START--
INFO: Run Behavior\ReadHtmlCacheBehavior [ RunTime:0.000908s ]
INFO: [ app_begin ] --END-- [ RunTime:0.001078s ]
SQL: SELECT * FROM client_user WHERE user_name ='baichi' [ RunTime:0.0011s ]
ERR: Think\Controller:showt_email方法不存在！

[ 2017-03-10T22:55:23+08:00 ] 127.0.0.1 /bishe/Home/Personal/edit_message
INFO: [ app_init ] --START--
INFO: Run Behavior\BuildLiteBehavior [ RunTime:0.000028s ]
INFO: [ app_init ] --END-- [ RunTime:0.000516s ]
INFO: [ app_begin ] --START--
INFO: Run Behavior\ReadHtmlCacheBehavior [ RunTime:0.001440s ]
INFO: [ app_begin ] --END-- [ RunTime:0.001672s ]
SQL: SELECT * FROM client_user WHERE user_name ='baichi' [ RunTime:0.0004s ]
ERR: Think\Controller:showt_email方法不存在！

[ 2017-03-10T22:56:03+08:00 ] 127.0.0.1 /bishe/Home/Personal/edit_message
INFO: [ app_init ] --START--
INFO: Run Behavior\BuildLiteBehavior [ RunTime:0.000031s ]
INFO: [ app_init ] --END-- [ RunTime:0.000661s ]
INFO: [ app_begin ] --START--
INFO: Run Behavior\ReadHtmlCacheBehavior [ RunTime:0.000971s ]
INFO: [ app_begin ] --END-- [ RunTime:0.001372s ]
SQL: SELECT * FROM client_user WHERE user_name ='baichi' [ RunTime:0.0007s ]
SQL: SELECT email_address FROM client_user WHERE user_name ='baichi' [ RunTime:0.0005s ]
SQL: SHOW COLUMNS FROM `client_user` [ RunTime:0.0086s ]
SQL: SELECT * FROM `client_user` WHERE ( `user_name`='baichi' ) LIMIT 1   [ RunTime:0.0008s ]
INFO: [ view_parse ] --START--
INFO: [ template_filter ] --START--
INFO: Run Behavior\ContentReplaceBehavior [ RunTime:0.000251s ]
INFO: [ template_filter ] --END-- [ RunTime:0.000590s ]
INFO: Run Behavior\ParseTemplateBehavior [ RunTime:0.022590s ]
INFO: [ view_parse ] --END-- [ RunTime:0.022731s ]
INFO: [ view_filter ] --START--
INFO: Run Behavior\WriteHtmlCacheBehavior [ RunTime:0.001488s ]
INFO: [ view_filter ] --END-- [ RunTime:0.001635s ]
INFO: [ app_end ] --START--
INFO: Run Behavior\ShowPageTraceBehavior [ RunTime:0.000784s ]
INFO: [ app_end ] --END-- [ RunTime:0.000905s ]

[ 2017-03-10T22:56:14+08:00 ] 127.0.0.1 /bishe/Home/Personal/edit_message
INFO: [ app_init ] --START--
INFO: Run Behavior\BuildLiteBehavior [ RunTime:0.000026s ]
INFO: [ app_init ] --END-- [ RunTime:0.000531s ]
INFO: [ app_begin ] --START--
INFO: Run Behavior\ReadHtmlCacheBehavior [ RunTime:0.000685s ]
INFO: [ app_begin ] --END-- [ RunTime:0.000819s ]
SQL: SELECT * FROM client_user WHERE user_name ='baichi' [ RunTime:0.0005s ]
SQL: SELECT email_address FROM client_user WHERE user_name ='baichi' [ RunTime:0.0003s ]
SQL: SHOW COLUMNS FROM `client_user` [ RunTime:0.0084s ]
SQL: SELECT * FROM `client_user` WHERE ( `user_name`='baichi' ) LIMIT 1   [ RunTime:0.0005s ]
INFO: [ view_parse ] --START--
INFO: [ template_filter ] --START--
INFO: Run Behavior\ContentReplaceBehavior [ RunTime:0.000170s ]
INFO: [ template_filter ] --END-- [ RunTime:0.000314s ]
INFO: Run Behavior\ParseTemplateBehavior [ RunTime:0.021754s ]
INFO: [ view_parse ] --END-- [ RunTime:0.021999s ]
INFO: [ view_filter ] --START--
INFO: Run Behavior\WriteHtmlCacheBehavior [ RunTime:0.000889s ]
INFO: [ view_filter ] --END-- [ RunTime:0.001046s ]
INFO: [ app_end ] --START--
INFO: Run Behavior\ShowPageTraceBehavior [ RunTime:0.002480s ]
INFO: [ app_end ] --END-- [ RunTime:0.002629s ]

[ 2017-03-10T22:58:26+08:00 ] 127.0.0.1 /bishe/Home/Personal/edit_message
INFO: [ app_init ] --START--
INFO: Run Behavior\BuildLiteBehavior [ RunTime:0.000029s ]
INFO: [ app_init ] --END-- [ RunTime:0.000589s ]
INFO: [ app_begin ] --START--
INFO: Run Behavior\ReadHtmlCacheBehavior [ RunTime:0.008325s ]
INFO: [ app_begin ] --END-- [ RunTime:0.008496s ]
SQL: SELECT * FROM client_user WHERE user_name ='baichi' [ RunTime:0.0004s ]
SQL: SELECT email_address FROM client_user WHERE user_name ='baichi' [ RunTime:0.0002s ]
SQL: SHOW COLUMNS FROM `client_user` [ RunTime:0.0032s ]
SQL: SELECT * FROM `client_user` WHERE ( `user_name`='baichi' ) LIMIT 1   [ RunTime:0.0003s ]
INFO: [ view_parse ] --START--
INFO: [ template_filter ] --START--
INFO: Run Behavior\ContentReplaceBehavior [ RunTime:0.000152s ]
INFO: [ template_filter ] --END-- [ RunTime:0.000299s ]
INFO: Run Behavior\ParseTemplateBehavior [ RunTime:0.019952s ]
INFO: [ view_parse ] --END-- [ RunTime:0.020132s ]
INFO: [ view_filter ] --START--
INFO: Run Behavior\WriteHtmlCacheBehavior [ RunTime:0.001986s ]
INFO: [ view_filter ] --END-- [ RunTime:0.002129s ]
INFO: [ app_end ] --START--
INFO: Run Behavior\ShowPageTraceBehavior [ RunTime:0.000942s ]
INFO: [ app_end ] --END-- [ RunTime:0.001051s ]

[ 2017-03-10T22:58:32+08:00 ] 127.0.0.1 /bishe/Home/Personal/edit_message
INFO: [ app_init ] --START--
INFO: Run Behavior\BuildLiteBehavior [ RunTime:0.000137s ]
INFO: [ app_init ] --END-- [ RunTime:0.001421s ]
INFO: [ app_begin ] --START--
INFO: Run Behavior\ReadHtmlCacheBehavior [ RunTime:0.001034s ]
INFO: [ app_begin ] --END-- [ RunTime:0.001326s ]
SQL: SELECT * FROM client_user WHERE user_name ='baichi' [ RunTime:0.0005s ]
SQL: SELECT email_address FROM client_user WHERE user_name ='baichi' [ RunTime:0.0003s ]
SQL: SHOW COLUMNS FROM `client_user` [ RunTime:0.0055s ]
SQL: SELECT * FROM `client_user` WHERE ( `user_name`='baichi' ) LIMIT 1   [ RunTime:0.0006s ]
INFO: [ view_parse ] --START--
INFO: [ template_filter ] --START--
INFO: Run Behavior\ContentReplaceBehavior [ RunTime:0.000196s ]
INFO: [ template_filter ] --END-- [ RunTime:0.000358s ]
INFO: Run Behavior\ParseTemplateBehavior [ RunTime:0.024612s ]
INFO: [ view_parse ] --END-- [ RunTime:0.024876s ]
INFO: [ view_filter ] --START--
INFO: Run Behavior\WriteHtmlCacheBehavior [ RunTime:0.000950s ]
INFO: [ view_filter ] --END-- [ RunTime:0.001149s ]
INFO: [ app_end ] --START--
INFO: Run Behavior\ShowPageTraceBehavior [ RunTime:0.001763s ]
INFO: [ app_end ] --END-- [ RunTime:0.001958s ]

[ 2017-03-10T23:00:01+08:00 ] 127.0.0.1 /bishe/Home/Personal/edit_message
INFO: [ app_init ] --START--
INFO: Run Behavior\BuildLiteBehavior [ RunTime:0.000030s ]
INFO: [ app_init ] --END-- [ RunTime:0.000515s ]
INFO: [ app_begin ] --START--
INFO: Run Behavior\ReadHtmlCacheBehavior [ RunTime:0.000994s ]
INFO: [ app_begin ] --END-- [ RunTime:0.001141s ]
SQL: SELECT * FROM client_user WHERE user_name ='baichi' [ RunTime:0.0006s ]
SQL: SELECT email_address FROM client_user WHERE user_name ='baichi' [ RunTime:0.0007s ]
SQL: SHOW COLUMNS FROM `client_user` [ RunTime:0.0033s ]
SQL: SELECT * FROM `client_user` WHERE ( `user_name`='baichi' ) LIMIT 1   [ RunTime:0.0007s ]
INFO: [ view_parse ] --START--
INFO: [ template_filter ] --START--
INFO: Run Behavior\ContentReplaceBehavior [ RunTime:0.000171s ]
INFO: [ template_filter ] --END-- [ RunTime:0.000378s ]
INFO: Run Behavior\ParseTemplateBehavior [ RunTime:0.023058s ]
INFO: [ view_parse ] --END-- [ RunTime:0.023215s ]
INFO: [ view_filter ] --START--
INFO: Run Behavior\WriteHtmlCacheBehavior [ RunTime:0.002282s ]
INFO: [ view_filter ] --END-- [ RunTime:0.002641s ]
INFO: [ app_end ] --START--
INFO: Run Behavior\ShowPageTraceBehavior [ RunTime:0.001859s ]
INFO: [ app_end ] --END-- [ RunTime:0.002003s ]

[ 2017-03-10T23:01:19+08:00 ] 127.0.0.1 /bishe/Home/Personal/edit_message
INFO: [ app_init ] --START--
INFO: Run Behavior\BuildLiteBehavior [ RunTime:0.000048s ]
INFO: [ app_init ] --END-- [ RunTime:0.001483s ]
INFO: [ app_begin ] --START--
INFO: Run Behavior\ReadHtmlCacheBehavior [ RunTime:0.004448s ]
INFO: [ app_begin ] --END-- [ RunTime:0.004710s ]
SQL: SELECT * FROM client_user WHERE user_name ='baichi' [ RunTime:0.0007s ]
SQL: SELECT email_address FROM client_user WHERE user_name ='baichi' [ RunTime:0.0009s ]
SQL: SHOW COLUMNS FROM `client_user` [ RunTime:0.0045s ]
SQL: SELECT * FROM `client_user` WHERE ( `user_name`='baichi' ) LIMIT 1   [ RunTime:0.0004s ]
INFO: [ view_parse ] --START--
INFO: [ template_filter ] --START--
INFO: Run Behavior\ContentReplaceBehavior [ RunTime:0.000168s ]
INFO: [ template_filter ] --END-- [ RunTime:0.000451s ]
INFO: Run Behavior\ParseTemplateBehavior [ RunTime:0.021499s ]
INFO: [ view_parse ] --END-- [ RunTime:0.021719s ]
INFO: [ view_filter ] --START--
INFO: Run Behavior\WriteHtmlCacheBehavior [ RunTime:0.004726s ]
INFO: [ view_filter ] --END-- [ RunTime:0.004941s ]
INFO: [ app_end ] --START--
INFO: Run Behavior\ShowPageTraceBehavior [ RunTime:0.001662s ]
INFO: [ app_end ] --END-- [ RunTime:0.001916s ]

[ 2017-03-10T23:01:32+08:00 ] 127.0.0.1 /bishe/Home/Personal/edit_message
INFO: [ app_init ] --START--
INFO: Run Behavior\BuildLiteBehavior [ RunTime:0.000051s ]
INFO: [ app_init ] --END-- [ RunTime:0.000840s ]
INFO: [ app_begin ] --START--
INFO: Run Behavior\ReadHtmlCacheBehavior [ RunTime:0.000803s ]
INFO: [ app_begin ] --END-- [ RunTime:0.000951s ]
SQL: SELECT * FROM client_user WHERE user_name ='baichi' [ RunTime:0.0006s ]
SQL: SELECT email_address FROM client_user WHERE user_name ='baichi' [ RunTime:0.0002s ]
SQL: SHOW COLUMNS FROM `client_user` [ RunTime:0.0030s ]
SQL: SELECT * FROM `client_user` WHERE ( `user_name`='baichi' ) LIMIT 1   [ RunTime:0.0006s ]
INFO: [ view_parse ] --START--
INFO: [ template_filter ] --START--
INFO: Run Behavior\ContentReplaceBehavior [ RunTime:0.000253s ]
INFO: [ template_filter ] --END-- [ RunTime:0.000496s ]
INFO: Run Behavior\ParseTemplateBehavior [ RunTime:0.056723s ]
INFO: [ view_parse ] --END-- [ RunTime:0.056925s ]
INFO: [ view_filter ] --START--
INFO: Run Behavior\WriteHtmlCacheBehavior [ RunTime:0.000971s ]
INFO: [ view_filter ] --END-- [ RunTime:0.001175s ]
INFO: [ app_end ] --START--
INFO: Run Behavior\ShowPageTraceBehavior [ RunTime:0.013599s ]
INFO: [ app_end ] --END-- [ RunTime:0.013805s ]

